The target system is: Linux -  - arm
The host system is: Linux - 5.15.0-139-generic - x86_64
Compiling the C compiler identification source file "CMakeCCompilerId.c" succeeded.
Compiler: /develop/toolchain_CV181H/gcc/gcc-linaro-6.3.1-2017.05-x86_64_arm-linux-gnueabihf/bin/arm-linux-gnueabihf-gcc 
Build flags: 
Id flags:  

The output was:
0


Compilation of the C compiler identification source "CMakeCCompilerId.c" produced "a.out"

The C compiler identification is GNU, found in "/mnt/a57a7843-7ae2-415a-9125-4c61fa4163d9/3rdLibrary/Awtk_3rd_library/build/CMakeFiles/3.16.3/CompilerIdC/a.out"

Compiling the CXX compiler identification source file "CMakeCXXCompilerId.cpp" succeeded.
Compiler: /develop/toolchain_CV181H/gcc/gcc-linaro-6.3.1-2017.05-x86_64_arm-linux-gnueabihf/bin/arm-linux-gnueabihf-g++ 
Build flags: 
Id flags:  

The output was:
0


Compilation of the CXX compiler identification source "CMakeCXXCompilerId.cpp" produced "a.out"

The CXX compiler identification is GNU, found in "/mnt/a57a7843-7ae2-415a-9125-4c61fa4163d9/3rdLibrary/Awtk_3rd_library/build/CMakeFiles/3.16.3/CompilerIdCXX/a.out"

Determining if the C compiler works passed with the following output:
Change Dir: /mnt/a57a7843-7ae2-415a-9125-4c61fa4163d9/3rdLibrary/Awtk_3rd_library/build/CMakeFiles/CMakeTmp

Run Build Command(s):/usr/bin/make cmTC_47b06/fast && /usr/bin/make -f CMakeFiles/cmTC_47b06.dir/build.make CMakeFiles/cmTC_47b06.dir/build
make[1]: 进入目录“/mnt/a57a7843-7ae2-415a-9125-4c61fa4163d9/3rdLibrary/Awtk_3rd_library/build/CMakeFiles/CMakeTmp”
Building C object CMakeFiles/cmTC_47b06.dir/testCCompiler.c.o
/develop/toolchain_CV181H/gcc/gcc-linaro-6.3.1-2017.05-x86_64_arm-linux-gnueabihf/bin/arm-linux-gnueabihf-gcc --sysroot=/develop/toolchain_CV181H/gcc/sysroot/sysroot-glibc-linaro-2.23-2017.05-arm-linux-gnueabihf/    -o CMakeFiles/cmTC_47b06.dir/testCCompiler.c.o   -c /mnt/a57a7843-7ae2-415a-9125-4c61fa4163d9/3rdLibrary/Awtk_3rd_library/build/CMakeFiles/CMakeTmp/testCCompiler.c
Linking C executable cmTC_47b06
/usr/bin/cmake -E cmake_link_script CMakeFiles/cmTC_47b06.dir/link.txt --verbose=1
/develop/toolchain_CV181H/gcc/gcc-linaro-6.3.1-2017.05-x86_64_arm-linux-gnueabihf/bin/arm-linux-gnueabihf-gcc --sysroot=/develop/toolchain_CV181H/gcc/sysroot/sysroot-glibc-linaro-2.23-2017.05-arm-linux-gnueabihf/      CMakeFiles/cmTC_47b06.dir/testCCompiler.c.o  -o cmTC_47b06 
make[1]: 离开目录“/mnt/a57a7843-7ae2-415a-9125-4c61fa4163d9/3rdLibrary/Awtk_3rd_library/build/CMakeFiles/CMakeTmp”



Detecting C compiler ABI info compiled with the following output:
Change Dir: /mnt/a57a7843-7ae2-415a-9125-4c61fa4163d9/3rdLibrary/Awtk_3rd_library/build/CMakeFiles/CMakeTmp

Run Build Command(s):/usr/bin/make cmTC_0bad4/fast && /usr/bin/make -f CMakeFiles/cmTC_0bad4.dir/build.make CMakeFiles/cmTC_0bad4.dir/build
make[1]: Entering directory '/mnt/a57a7843-7ae2-415a-9125-4c61fa4163d9/3rdLibrary/Awtk_3rd_library/build/CMakeFiles/CMakeTmp'
Building C object CMakeFiles/cmTC_0bad4.dir/CMakeCCompilerABI.c.o
/develop/toolchain_CV181H/gcc/gcc-linaro-6.3.1-2017.05-x86_64_arm-linux-gnueabihf/bin/arm-linux-gnueabihf-gcc --sysroot=/develop/toolchain_CV181H/gcc/sysroot/sysroot-glibc-linaro-2.23-2017.05-arm-linux-gnueabihf/   -v -o CMakeFiles/cmTC_0bad4.dir/CMakeCCompilerABI.c.o   -c /usr/share/cmake-3.16/Modules/CMakeCCompilerABI.c
Using built-in specs.
COLLECT_GCC=/develop/toolchain_CV181H/gcc/gcc-linaro-6.3.1-2017.05-x86_64_arm-linux-gnueabihf/bin/arm-linux-gnueabihf-gcc
Target: arm-linux-gnueabihf
Configured with: '/home/tcwg-buildslave/workspace/tcwg-make-release/builder_arch/amd64/label/tcwg-x86_64-build/target/arm-linux-gnueabihf/snapshots/gcc.git~linaro-6.3-2017.05/configure' SHELL=/bin/bash --with-mpc=/home/tcwg-buildslave/workspace/tcwg-make-release/builder_arch/amd64/label/tcwg-x86_64-build/target/arm-linux-gnueabihf/_build/builds/destdir/x86_64-unknown-linux-gnu --with-mpfr=/home/tcwg-buildslave/workspace/tcwg-make-release/builder_arch/amd64/label/tcwg-x86_64-build/target/arm-linux-gnueabihf/_build/builds/destdir/x86_64-unknown-linux-gnu --with-gmp=/home/tcwg-buildslave/workspace/tcwg-make-release/builder_arch/amd64/label/tcwg-x86_64-build/target/arm-linux-gnueabihf/_build/builds/destdir/x86_64-unknown-linux-gnu --with-gnu-as --with-gnu-ld --disable-libmudflap --enable-lto --enable-shared --without-included-gettext --enable-nls --disable-sjlj-exceptions --enable-gnu-unique-object --enable-linker-build-id --disable-libstdcxx-pch --enable-c99 --enable-clocale=gnu --enable-libstdcxx-debug --enable-long-long --with-cloog=no --with-ppl=no --with-isl=no --disable-multilib --with-float=hard --with-fpu=vfpv3-d16 --with-mode=thumb --with-tune=cortex-a9 --with-arch=armv7-a --enable-threads=posix --enable-multiarch --enable-libstdcxx-time=yes --enable-gnu-indirect-function --with-build-sysroot=/home/tcwg-buildslave/workspace/tcwg-make-release/builder_arch/amd64/label/tcwg-x86_64-build/target/arm-linux-gnueabihf/_build/sysroots/arm-linux-gnueabihf --with-sysroot=/home/tcwg-buildslave/workspace/tcwg-make-release/builder_arch/amd64/label/tcwg-x86_64-build/target/arm-linux-gnueabihf/_build/builds/destdir/x86_64-unknown-linux-gnu/arm-linux-gnueabihf/libc --enable-checking=release --disable-bootstrap --enable-languages=c,c++,fortran,lto --build=x86_64-unknown-linux-gnu --host=x86_64-unknown-linux-gnu --target=arm-linux-gnueabihf --prefix=/home/tcwg-buildslave/workspace/tcwg-make-release/builder_arch/amd64/label/tcwg-x86_64-build/target/arm-linux-gnueabihf/_build/builds/destdir/x86_64-unknown-linux-gnu
Thread model: posix
gcc version 6.3.1 20170404 (Linaro GCC 6.3-2017.05) 
COLLECT_GCC_OPTIONS='-v' '-o' 'CMakeFiles/cmTC_0bad4.dir/CMakeCCompilerABI.c.o' '-c' '-march=armv7-a' '-mtune=cortex-a9' '-mfloat-abi=hard' '-mfpu=vfpv3-d16' '-mthumb' '-mtls-dialect=gnu'
 /develop/toolchain_CV181H/gcc/gcc-linaro-6.3.1-2017.05-x86_64_arm-linux-gnueabihf/bin/../libexec/gcc/arm-linux-gnueabihf/6.3.1/cc1 -quiet -v -imultilib . -imultiarch arm-linux-gnueabihf -iprefix /develop/toolchain_CV181H/gcc/gcc-linaro-6.3.1-2017.05-x86_64_arm-linux-gnueabihf/bin/../lib/gcc/arm-linux-gnueabihf/6.3.1/ -isysroot /develop/toolchain_CV181H/gcc/sysroot/sysroot-glibc-linaro-2.23-2017.05-arm-linux-gnueabihf/ /usr/share/cmake-3.16/Modules/CMakeCCompilerABI.c -quiet -dumpbase CMakeCCompilerABI.c -march=armv7-a -mtune=cortex-a9 -mfloat-abi=hard -mfpu=vfpv3-d16 -mthumb -mtls-dialect=gnu -auxbase-strip CMakeFiles/cmTC_0bad4.dir/CMakeCCompilerABI.c.o -version -o /tmp/cclDJJHO.s
GNU C11 (Linaro GCC 6.3-2017.05) version 6.3.1 20170404 (arm-linux-gnueabihf)
	compiled by GNU C version 4.8.4, GMP version 6.1.0, MPFR version 3.1.4, MPC version 1.0.3, isl version none
GGC heuristics: --param ggc-min-expand=100 --param ggc-min-heapsize=131072
ignoring duplicate directory "/develop/toolchain_CV181H/gcc/gcc-linaro-6.3.1-2017.05-x86_64_arm-linux-gnueabihf/bin/../lib/gcc/../../lib/gcc/arm-linux-gnueabihf/6.3.1/include"
ignoring nonexistent directory "/develop/toolchain_CV181H/gcc/sysroot/sysroot-glibc-linaro-2.23-2017.05-arm-linux-gnueabihf/usr/local/include/arm-linux-gnueabihf"
ignoring nonexistent directory "/develop/toolchain_CV181H/gcc/sysroot/sysroot-glibc-linaro-2.23-2017.05-arm-linux-gnueabihf/usr/local/include"
ignoring duplicate directory "/develop/toolchain_CV181H/gcc/gcc-linaro-6.3.1-2017.05-x86_64_arm-linux-gnueabihf/bin/../lib/gcc/../../lib/gcc/arm-linux-gnueabihf/6.3.1/include-fixed"
ignoring duplicate directory "/develop/toolchain_CV181H/gcc/gcc-linaro-6.3.1-2017.05-x86_64_arm-linux-gnueabihf/bin/../lib/gcc/../../lib/gcc/arm-linux-gnueabihf/6.3.1/../../../../arm-linux-gnueabihf/include"
ignoring nonexistent directory "/develop/toolchain_CV181H/gcc/sysroot/sysroot-glibc-linaro-2.23-2017.05-arm-linux-gnueabihf/usr/include/arm-linux-gnueabihf"
#include "..." search starts here:
#include <...> search starts here:
 /develop/toolchain_CV181H/gcc/gcc-linaro-6.3.1-2017.05-x86_64_arm-linux-gnueabihf/bin/../lib/gcc/arm-linux-gnueabihf/6.3.1/include
 /develop/toolchain_CV181H/gcc/gcc-linaro-6.3.1-2017.05-x86_64_arm-linux-gnueabihf/bin/../lib/gcc/arm-linux-gnueabihf/6.3.1/include-fixed
 /develop/toolchain_CV181H/gcc/gcc-linaro-6.3.1-2017.05-x86_64_arm-linux-gnueabihf/bin/../lib/gcc/arm-linux-gnueabihf/6.3.1/../../../../arm-linux-gnueabihf/include
 /develop/toolchain_CV181H/gcc/sysroot/sysroot-glibc-linaro-2.23-2017.05-arm-linux-gnueabihf/usr/include
End of search list.
GNU C11 (Linaro GCC 6.3-2017.05) version 6.3.1 20170404 (arm-linux-gnueabihf)
	compiled by GNU C version 4.8.4, GMP version 6.1.0, MPFR version 3.1.4, MPC version 1.0.3, isl version none
GGC heuristics: --param ggc-min-expand=100 --param ggc-min-heapsize=131072
Compiler executable checksum: 92d1366231bd48a2dd9c36b316e0f825
COLLECT_GCC_OPTIONS='-v' '-o' 'CMakeFiles/cmTC_0bad4.dir/CMakeCCompilerABI.c.o' '-c' '-march=armv7-a' '-mtune=cortex-a9' '-mfloat-abi=hard' '-mfpu=vfpv3-d16' '-mthumb' '-mtls-dialect=gnu'
 /develop/toolchain_CV181H/gcc/gcc-linaro-6.3.1-2017.05-x86_64_arm-linux-gnueabihf/bin/../lib/gcc/arm-linux-gnueabihf/6.3.1/../../../../arm-linux-gnueabihf/bin/as -v -march=armv7-a -mfloat-abi=hard -mfpu=vfpv3-d16 -meabi=5 -o CMakeFiles/cmTC_0bad4.dir/CMakeCCompilerABI.c.o /tmp/cclDJJHO.s
GNU assembler version 2.27.0 (arm-linux-gnueabihf) using BFD version (Linaro_Binutils-2017.05) 2.27.0.20161019
COMPILER_PATH=/develop/toolchain_CV181H/gcc/gcc-linaro-6.3.1-2017.05-x86_64_arm-linux-gnueabihf/bin/../libexec/gcc/arm-linux-gnueabihf/6.3.1/:/develop/toolchain_CV181H/gcc/gcc-linaro-6.3.1-2017.05-x86_64_arm-linux-gnueabihf/bin/../libexec/gcc/arm-linux-gnueabihf/:/develop/toolchain_CV181H/gcc/gcc-linaro-6.3.1-2017.05-x86_64_arm-linux-gnueabihf/bin/../libexec/gcc/:/develop/toolchain_CV181H/gcc/gcc-linaro-6.3.1-2017.05-x86_64_arm-linux-gnueabihf/bin/../lib/gcc/arm-linux-gnueabihf/6.3.1/../../../../arm-linux-gnueabihf/bin/
LIBRARY_PATH=/develop/toolchain_CV181H/gcc/gcc-linaro-6.3.1-2017.05-x86_64_arm-linux-gnueabihf/bin/../lib/gcc/arm-linux-gnueabihf/6.3.1/:/develop/toolchain_CV181H/gcc/gcc-linaro-6.3.1-2017.05-x86_64_arm-linux-gnueabihf/bin/../lib/gcc/arm-linux-gnueabihf/:/develop/toolchain_CV181H/gcc/gcc-linaro-6.3.1-2017.05-x86_64_arm-linux-gnueabihf/bin/../lib/gcc/:/develop/toolchain_CV181H/gcc/gcc-linaro-6.3.1-2017.05-x86_64_arm-linux-gnueabihf/bin/../lib/gcc/arm-linux-gnueabihf/6.3.1/../../../../arm-linux-gnueabihf/lib/:/develop/toolchain_CV181H/gcc/sysroot/sysroot-glibc-linaro-2.23-2017.05-arm-linux-gnueabihf/lib/:/develop/toolchain_CV181H/gcc/sysroot/sysroot-glibc-linaro-2.23-2017.05-arm-linux-gnueabihf/usr/lib/
COLLECT_GCC_OPTIONS='-v' '-o' 'CMakeFiles/cmTC_0bad4.dir/CMakeCCompilerABI.c.o' '-c' '-march=armv7-a' '-mtune=cortex-a9' '-mfloat-abi=hard' '-mfpu=vfpv3-d16' '-mthumb' '-mtls-dialect=gnu'
Linking C executable cmTC_0bad4
/usr/bin/cmake -E cmake_link_script CMakeFiles/cmTC_0bad4.dir/link.txt --verbose=1
/develop/toolchain_CV181H/gcc/gcc-linaro-6.3.1-2017.05-x86_64_arm-linux-gnueabihf/bin/arm-linux-gnueabihf-gcc --sysroot=/develop/toolchain_CV181H/gcc/sysroot/sysroot-glibc-linaro-2.23-2017.05-arm-linux-gnueabihf/     -v CMakeFiles/cmTC_0bad4.dir/CMakeCCompilerABI.c.o  -o cmTC_0bad4 
Using built-in specs.
COLLECT_GCC=/develop/toolchain_CV181H/gcc/gcc-linaro-6.3.1-2017.05-x86_64_arm-linux-gnueabihf/bin/arm-linux-gnueabihf-gcc
COLLECT_LTO_WRAPPER=/develop/toolchain_CV181H/gcc/gcc-linaro-6.3.1-2017.05-x86_64_arm-linux-gnueabihf/bin/../libexec/gcc/arm-linux-gnueabihf/6.3.1/lto-wrapper
Target: arm-linux-gnueabihf
Configured with: '/home/tcwg-buildslave/workspace/tcwg-make-release/builder_arch/amd64/label/tcwg-x86_64-build/target/arm-linux-gnueabihf/snapshots/gcc.git~linaro-6.3-2017.05/configure' SHELL=/bin/bash --with-mpc=/home/tcwg-buildslave/workspace/tcwg-make-release/builder_arch/amd64/label/tcwg-x86_64-build/target/arm-linux-gnueabihf/_build/builds/destdir/x86_64-unknown-linux-gnu --with-mpfr=/home/tcwg-buildslave/workspace/tcwg-make-release/builder_arch/amd64/label/tcwg-x86_64-build/target/arm-linux-gnueabihf/_build/builds/destdir/x86_64-unknown-linux-gnu --with-gmp=/home/tcwg-buildslave/workspace/tcwg-make-release/builder_arch/amd64/label/tcwg-x86_64-build/target/arm-linux-gnueabihf/_build/builds/destdir/x86_64-unknown-linux-gnu --with-gnu-as --with-gnu-ld --disable-libmudflap --enable-lto --enable-shared --without-included-gettext --enable-nls --disable-sjlj-exceptions --enable-gnu-unique-object --enable-linker-build-id --disable-libstdcxx-pch --enable-c99 --enable-clocale=gnu --enable-libstdcxx-debug --enable-long-long --with-cloog=no --with-ppl=no --with-isl=no --disable-multilib --with-float=hard --with-fpu=vfpv3-d16 --with-mode=thumb --with-tune=cortex-a9 --with-arch=armv7-a --enable-threads=posix --enable-multiarch --enable-libstdcxx-time=yes --enable-gnu-indirect-function --with-build-sysroot=/home/tcwg-buildslave/workspace/tcwg-make-release/builder_arch/amd64/label/tcwg-x86_64-build/target/arm-linux-gnueabihf/_build/sysroots/arm-linux-gnueabihf --with-sysroot=/home/tcwg-buildslave/workspace/tcwg-make-release/builder_arch/amd64/label/tcwg-x86_64-build/target/arm-linux-gnueabihf/_build/builds/destdir/x86_64-unknown-linux-gnu/arm-linux-gnueabihf/libc --enable-checking=release --disable-bootstrap --enable-languages=c,c++,fortran,lto --build=x86_64-unknown-linux-gnu --host=x86_64-unknown-linux-gnu --target=arm-linux-gnueabihf --prefix=/home/tcwg-buildslave/workspace/tcwg-make-release/builder_arch/amd64/label/tcwg-x86_64-build/target/arm-linux-gnueabihf/_build/builds/destdir/x86_64-unknown-linux-gnu
Thread model: posix
gcc version 6.3.1 20170404 (Linaro GCC 6.3-2017.05) 
COMPILER_PATH=/develop/toolchain_CV181H/gcc/gcc-linaro-6.3.1-2017.05-x86_64_arm-linux-gnueabihf/bin/../libexec/gcc/arm-linux-gnueabihf/6.3.1/:/develop/toolchain_CV181H/gcc/gcc-linaro-6.3.1-2017.05-x86_64_arm-linux-gnueabihf/bin/../libexec/gcc/arm-linux-gnueabihf/:/develop/toolchain_CV181H/gcc/gcc-linaro-6.3.1-2017.05-x86_64_arm-linux-gnueabihf/bin/../libexec/gcc/:/develop/toolchain_CV181H/gcc/gcc-linaro-6.3.1-2017.05-x86_64_arm-linux-gnueabihf/bin/../lib/gcc/arm-linux-gnueabihf/6.3.1/../../../../arm-linux-gnueabihf/bin/
LIBRARY_PATH=/develop/toolchain_CV181H/gcc/gcc-linaro-6.3.1-2017.05-x86_64_arm-linux-gnueabihf/bin/../lib/gcc/arm-linux-gnueabihf/6.3.1/:/develop/toolchain_CV181H/gcc/gcc-linaro-6.3.1-2017.05-x86_64_arm-linux-gnueabihf/bin/../lib/gcc/arm-linux-gnueabihf/:/develop/toolchain_CV181H/gcc/gcc-linaro-6.3.1-2017.05-x86_64_arm-linux-gnueabihf/bin/../lib/gcc/:/develop/toolchain_CV181H/gcc/gcc-linaro-6.3.1-2017.05-x86_64_arm-linux-gnueabihf/bin/../lib/gcc/arm-linux-gnueabihf/6.3.1/../../../../arm-linux-gnueabihf/lib/:/develop/toolchain_CV181H/gcc/sysroot/sysroot-glibc-linaro-2.23-2017.05-arm-linux-gnueabihf/lib/:/develop/toolchain_CV181H/gcc/sysroot/sysroot-glibc-linaro-2.23-2017.05-arm-linux-gnueabihf/usr/lib/
COLLECT_GCC_OPTIONS='-v' '-o' 'cmTC_0bad4' '-march=armv7-a' '-mtune=cortex-a9' '-mfloat-abi=hard' '-mfpu=vfpv3-d16' '-mthumb' '-mtls-dialect=gnu'
 /develop/toolchain_CV181H/gcc/gcc-linaro-6.3.1-2017.05-x86_64_arm-linux-gnueabihf/bin/../libexec/gcc/arm-linux-gnueabihf/6.3.1/collect2 -plugin /develop/toolchain_CV181H/gcc/gcc-linaro-6.3.1-2017.05-x86_64_arm-linux-gnueabihf/bin/../libexec/gcc/arm-linux-gnueabihf/6.3.1/liblto_plugin.so -plugin-opt=/develop/toolchain_CV181H/gcc/gcc-linaro-6.3.1-2017.05-x86_64_arm-linux-gnueabihf/bin/../libexec/gcc/arm-linux-gnueabihf/6.3.1/lto-wrapper -plugin-opt=-fresolution=/tmp/cc4ksvwj.res -plugin-opt=-pass-through=-lgcc -plugin-opt=-pass-through=-lgcc_s -plugin-opt=-pass-through=-lc -plugin-opt=-pass-through=-lgcc -plugin-opt=-pass-through=-lgcc_s --sysroot=/develop/toolchain_CV181H/gcc/sysroot/sysroot-glibc-linaro-2.23-2017.05-arm-linux-gnueabihf/ --build-id --eh-frame-hdr -dynamic-linker /lib/ld-linux-armhf.so.3 -X -m armelf_linux_eabi -o cmTC_0bad4 /develop/toolchain_CV181H/gcc/sysroot/sysroot-glibc-linaro-2.23-2017.05-arm-linux-gnueabihf/usr/lib/crt1.o /develop/toolchain_CV181H/gcc/sysroot/sysroot-glibc-linaro-2.23-2017.05-arm-linux-gnueabihf/usr/lib/crti.o /develop/toolchain_CV181H/gcc/gcc-linaro-6.3.1-2017.05-x86_64_arm-linux-gnueabihf/bin/../lib/gcc/arm-linux-gnueabihf/6.3.1/crtbegin.o -L/develop/toolchain_CV181H/gcc/gcc-linaro-6.3.1-2017.05-x86_64_arm-linux-gnueabihf/bin/../lib/gcc/arm-linux-gnueabihf/6.3.1 -L/develop/toolchain_CV181H/gcc/gcc-linaro-6.3.1-2017.05-x86_64_arm-linux-gnueabihf/bin/../lib/gcc/arm-linux-gnueabihf -L/develop/toolchain_CV181H/gcc/gcc-linaro-6.3.1-2017.05-x86_64_arm-linux-gnueabihf/bin/../lib/gcc -L/develop/toolchain_CV181H/gcc/gcc-linaro-6.3.1-2017.05-x86_64_arm-linux-gnueabihf/bin/../lib/gcc/arm-linux-gnueabihf/6.3.1/../../../../arm-linux-gnueabihf/lib -L/develop/toolchain_CV181H/gcc/sysroot/sysroot-glibc-linaro-2.23-2017.05-arm-linux-gnueabihf/lib -L/develop/toolchain_CV181H/gcc/sysroot/sysroot-glibc-linaro-2.23-2017.05-arm-linux-gnueabihf/usr/lib CMakeFiles/cmTC_0bad4.dir/CMakeCCompilerABI.c.o -lgcc --as-needed -lgcc_s --no-as-needed -lc -lgcc --as-needed -lgcc_s --no-as-needed /develop/toolchain_CV181H/gcc/gcc-linaro-6.3.1-2017.05-x86_64_arm-linux-gnueabihf/bin/../lib/gcc/arm-linux-gnueabihf/6.3.1/crtend.o /develop/toolchain_CV181H/gcc/sysroot/sysroot-glibc-linaro-2.23-2017.05-arm-linux-gnueabihf/usr/lib/crtn.o
COLLECT_GCC_OPTIONS='-v' '-o' 'cmTC_0bad4' '-march=armv7-a' '-mtune=cortex-a9' '-mfloat-abi=hard' '-mfpu=vfpv3-d16' '-mthumb' '-mtls-dialect=gnu'
make[1]: Leaving directory '/mnt/a57a7843-7ae2-415a-9125-4c61fa4163d9/3rdLibrary/Awtk_3rd_library/build/CMakeFiles/CMakeTmp'



Parsed C implicit include dir info from above output: rv=done
  found start of include info
  found start of implicit include info
    add: [/develop/toolchain_CV181H/gcc/gcc-linaro-6.3.1-2017.05-x86_64_arm-linux-gnueabihf/bin/../lib/gcc/arm-linux-gnueabihf/6.3.1/include]
    add: [/develop/toolchain_CV181H/gcc/gcc-linaro-6.3.1-2017.05-x86_64_arm-linux-gnueabihf/bin/../lib/gcc/arm-linux-gnueabihf/6.3.1/include-fixed]
    add: [/develop/toolchain_CV181H/gcc/gcc-linaro-6.3.1-2017.05-x86_64_arm-linux-gnueabihf/bin/../lib/gcc/arm-linux-gnueabihf/6.3.1/../../../../arm-linux-gnueabihf/include]
    add: [/develop/toolchain_CV181H/gcc/sysroot/sysroot-glibc-linaro-2.23-2017.05-arm-linux-gnueabihf/usr/include]
  end of search list found
  collapse include dir [/develop/toolchain_CV181H/gcc/gcc-linaro-6.3.1-2017.05-x86_64_arm-linux-gnueabihf/bin/../lib/gcc/arm-linux-gnueabihf/6.3.1/include] ==> [/develop/toolchain_CV181H/gcc/gcc-linaro-6.3.1-2017.05-x86_64_arm-linux-gnueabihf/lib/gcc/arm-linux-gnueabihf/6.3.1/include]
  collapse include dir [/develop/toolchain_CV181H/gcc/gcc-linaro-6.3.1-2017.05-x86_64_arm-linux-gnueabihf/bin/../lib/gcc/arm-linux-gnueabihf/6.3.1/include-fixed] ==> [/develop/toolchain_CV181H/gcc/gcc-linaro-6.3.1-2017.05-x86_64_arm-linux-gnueabihf/lib/gcc/arm-linux-gnueabihf/6.3.1/include-fixed]
  collapse include dir [/develop/toolchain_CV181H/gcc/gcc-linaro-6.3.1-2017.05-x86_64_arm-linux-gnueabihf/bin/../lib/gcc/arm-linux-gnueabihf/6.3.1/../../../../arm-linux-gnueabihf/include] ==> [/develop/toolchain_CV181H/gcc/gcc-linaro-6.3.1-2017.05-x86_64_arm-linux-gnueabihf/arm-linux-gnueabihf/include]
  collapse include dir [/develop/toolchain_CV181H/gcc/sysroot/sysroot-glibc-linaro-2.23-2017.05-arm-linux-gnueabihf/usr/include] ==> [/develop/toolchain_CV181H/gcc/sysroot/sysroot-glibc-linaro-2.23-2017.05-arm-linux-gnueabihf/usr/include]
  implicit include dirs: [/develop/toolchain_CV181H/gcc/gcc-linaro-6.3.1-2017.05-x86_64_arm-linux-gnueabihf/lib/gcc/arm-linux-gnueabihf/6.3.1/include;/develop/toolchain_CV181H/gcc/gcc-linaro-6.3.1-2017.05-x86_64_arm-linux-gnueabihf/lib/gcc/arm-linux-gnueabihf/6.3.1/include-fixed;/develop/toolchain_CV181H/gcc/gcc-linaro-6.3.1-2017.05-x86_64_arm-linux-gnueabihf/arm-linux-gnueabihf/include;/develop/toolchain_CV181H/gcc/sysroot/sysroot-glibc-linaro-2.23-2017.05-arm-linux-gnueabihf/usr/include]


Parsed C implicit link information from above output:
  link line regex: [^( *|.*[/\])(arm-linux-gnueabihf-ld|CMAKE_LINK_STARTFILE-NOTFOUND|([^/\]+-)?ld|collect2)[^/\]*( |$)]
  ignore line: [Change Dir: /mnt/a57a7843-7ae2-415a-9125-4c61fa4163d9/3rdLibrary/Awtk_3rd_library/build/CMakeFiles/CMakeTmp]
  ignore line: []
  ignore line: [Run Build Command(s):/usr/bin/make cmTC_0bad4/fast && /usr/bin/make -f CMakeFiles/cmTC_0bad4.dir/build.make CMakeFiles/cmTC_0bad4.dir/build]
  ignore line: [make[1]: Entering directory '/mnt/a57a7843-7ae2-415a-9125-4c61fa4163d9/3rdLibrary/Awtk_3rd_library/build/CMakeFiles/CMakeTmp']
  ignore line: [Building C object CMakeFiles/cmTC_0bad4.dir/CMakeCCompilerABI.c.o]
  ignore line: [/develop/toolchain_CV181H/gcc/gcc-linaro-6.3.1-2017.05-x86_64_arm-linux-gnueabihf/bin/arm-linux-gnueabihf-gcc --sysroot=/develop/toolchain_CV181H/gcc/sysroot/sysroot-glibc-linaro-2.23-2017.05-arm-linux-gnueabihf/   -v -o CMakeFiles/cmTC_0bad4.dir/CMakeCCompilerABI.c.o   -c /usr/share/cmake-3.16/Modules/CMakeCCompilerABI.c]
  ignore line: [Using built-in specs.]
  ignore line: [COLLECT_GCC=/develop/toolchain_CV181H/gcc/gcc-linaro-6.3.1-2017.05-x86_64_arm-linux-gnueabihf/bin/arm-linux-gnueabihf-gcc]
  ignore line: [Target: arm-linux-gnueabihf]
  ignore line: [Configured with: '/home/tcwg-buildslave/workspace/tcwg-make-release/builder_arch/amd64/label/tcwg-x86_64-build/target/arm-linux-gnueabihf/snapshots/gcc.git~linaro-6.3-2017.05/configure' SHELL=/bin/bash --with-mpc=/home/tcwg-buildslave/workspace/tcwg-make-release/builder_arch/amd64/label/tcwg-x86_64-build/target/arm-linux-gnueabihf/_build/builds/destdir/x86_64-unknown-linux-gnu --with-mpfr=/home/tcwg-buildslave/workspace/tcwg-make-release/builder_arch/amd64/label/tcwg-x86_64-build/target/arm-linux-gnueabihf/_build/builds/destdir/x86_64-unknown-linux-gnu --with-gmp=/home/tcwg-buildslave/workspace/tcwg-make-release/builder_arch/amd64/label/tcwg-x86_64-build/target/arm-linux-gnueabihf/_build/builds/destdir/x86_64-unknown-linux-gnu --with-gnu-as --with-gnu-ld --disable-libmudflap --enable-lto --enable-shared --without-included-gettext --enable-nls --disable-sjlj-exceptions --enable-gnu-unique-object --enable-linker-build-id --disable-libstdcxx-pch --enable-c99 --enable-clocale=gnu --enable-libstdcxx-debug --enable-long-long --with-cloog=no --with-ppl=no --with-isl=no --disable-multilib --with-float=hard --with-fpu=vfpv3-d16 --with-mode=thumb --with-tune=cortex-a9 --with-arch=armv7-a --enable-threads=posix --enable-multiarch --enable-libstdcxx-time=yes --enable-gnu-indirect-function --with-build-sysroot=/home/tcwg-buildslave/workspace/tcwg-make-release/builder_arch/amd64/label/tcwg-x86_64-build/target/arm-linux-gnueabihf/_build/sysroots/arm-linux-gnueabihf --with-sysroot=/home/tcwg-buildslave/workspace/tcwg-make-release/builder_arch/amd64/label/tcwg-x86_64-build/target/arm-linux-gnueabihf/_build/builds/destdir/x86_64-unknown-linux-gnu/arm-linux-gnueabihf/libc --enable-checking=release --disable-bootstrap --enable-languages=c,c++,fortran,lto --build=x86_64-unknown-linux-gnu --host=x86_64-unknown-linux-gnu --target=arm-linux-gnueabihf --prefix=/home/tcwg-buildslave/workspace/tcwg-make-release/builder_arch/amd64/label/tcwg-x86_64-build/target/arm-linux-gnueabihf/_build/builds/destdir/x86_64-unknown-linux-gnu]
  ignore line: [Thread model: posix]
  ignore line: [gcc version 6.3.1 20170404 (Linaro GCC 6.3-2017.05) ]
  ignore line: [COLLECT_GCC_OPTIONS='-v' '-o' 'CMakeFiles/cmTC_0bad4.dir/CMakeCCompilerABI.c.o' '-c' '-march=armv7-a' '-mtune=cortex-a9' '-mfloat-abi=hard' '-mfpu=vfpv3-d16' '-mthumb' '-mtls-dialect=gnu']
  ignore line: [ /develop/toolchain_CV181H/gcc/gcc-linaro-6.3.1-2017.05-x86_64_arm-linux-gnueabihf/bin/../libexec/gcc/arm-linux-gnueabihf/6.3.1/cc1 -quiet -v -imultilib . -imultiarch arm-linux-gnueabihf -iprefix /develop/toolchain_CV181H/gcc/gcc-linaro-6.3.1-2017.05-x86_64_arm-linux-gnueabihf/bin/../lib/gcc/arm-linux-gnueabihf/6.3.1/ -isysroot /develop/toolchain_CV181H/gcc/sysroot/sysroot-glibc-linaro-2.23-2017.05-arm-linux-gnueabihf/ /usr/share/cmake-3.16/Modules/CMakeCCompilerABI.c -quiet -dumpbase CMakeCCompilerABI.c -march=armv7-a -mtune=cortex-a9 -mfloat-abi=hard -mfpu=vfpv3-d16 -mthumb -mtls-dialect=gnu -auxbase-strip CMakeFiles/cmTC_0bad4.dir/CMakeCCompilerABI.c.o -version -o /tmp/cclDJJHO.s]
  ignore line: [GNU C11 (Linaro GCC 6.3-2017.05) version 6.3.1 20170404 (arm-linux-gnueabihf)]
  ignore line: [	compiled by GNU C version 4.8.4  GMP version 6.1.0  MPFR version 3.1.4  MPC version 1.0.3  isl version none]
  ignore line: [GGC heuristics: --param ggc-min-expand=100 --param ggc-min-heapsize=131072]
  ignore line: [ignoring duplicate directory "/develop/toolchain_CV181H/gcc/gcc-linaro-6.3.1-2017.05-x86_64_arm-linux-gnueabihf/bin/../lib/gcc/../../lib/gcc/arm-linux-gnueabihf/6.3.1/include"]
  ignore line: [ignoring nonexistent directory "/develop/toolchain_CV181H/gcc/sysroot/sysroot-glibc-linaro-2.23-2017.05-arm-linux-gnueabihf/usr/local/include/arm-linux-gnueabihf"]
  ignore line: [ignoring nonexistent directory "/develop/toolchain_CV181H/gcc/sysroot/sysroot-glibc-linaro-2.23-2017.05-arm-linux-gnueabihf/usr/local/include"]
  ignore line: [ignoring duplicate directory "/develop/toolchain_CV181H/gcc/gcc-linaro-6.3.1-2017.05-x86_64_arm-linux-gnueabihf/bin/../lib/gcc/../../lib/gcc/arm-linux-gnueabihf/6.3.1/include-fixed"]
  ignore line: [ignoring duplicate directory "/develop/toolchain_CV181H/gcc/gcc-linaro-6.3.1-2017.05-x86_64_arm-linux-gnueabihf/bin/../lib/gcc/../../lib/gcc/arm-linux-gnueabihf/6.3.1/../../../../arm-linux-gnueabihf/include"]
  ignore line: [ignoring nonexistent directory "/develop/toolchain_CV181H/gcc/sysroot/sysroot-glibc-linaro-2.23-2017.05-arm-linux-gnueabihf/usr/include/arm-linux-gnueabihf"]
  ignore line: [#include "..." search starts here:]
  ignore line: [#include <...> search starts here:]
  ignore line: [ /develop/toolchain_CV181H/gcc/gcc-linaro-6.3.1-2017.05-x86_64_arm-linux-gnueabihf/bin/../lib/gcc/arm-linux-gnueabihf/6.3.1/include]
  ignore line: [ /develop/toolchain_CV181H/gcc/gcc-linaro-6.3.1-2017.05-x86_64_arm-linux-gnueabihf/bin/../lib/gcc/arm-linux-gnueabihf/6.3.1/include-fixed]
  ignore line: [ /develop/toolchain_CV181H/gcc/gcc-linaro-6.3.1-2017.05-x86_64_arm-linux-gnueabihf/bin/../lib/gcc/arm-linux-gnueabihf/6.3.1/../../../../arm-linux-gnueabihf/include]
  ignore line: [ /develop/toolchain_CV181H/gcc/sysroot/sysroot-glibc-linaro-2.23-2017.05-arm-linux-gnueabihf/usr/include]
  ignore line: [End of search list.]
  ignore line: [GNU C11 (Linaro GCC 6.3-2017.05) version 6.3.1 20170404 (arm-linux-gnueabihf)]
  ignore line: [	compiled by GNU C version 4.8.4  GMP version 6.1.0  MPFR version 3.1.4  MPC version 1.0.3  isl version none]
  ignore line: [GGC heuristics: --param ggc-min-expand=100 --param ggc-min-heapsize=131072]
  ignore line: [Compiler executable checksum: 92d1366231bd48a2dd9c36b316e0f825]
  ignore line: [COLLECT_GCC_OPTIONS='-v' '-o' 'CMakeFiles/cmTC_0bad4.dir/CMakeCCompilerABI.c.o' '-c' '-march=armv7-a' '-mtune=cortex-a9' '-mfloat-abi=hard' '-mfpu=vfpv3-d16' '-mthumb' '-mtls-dialect=gnu']
  ignore line: [ /develop/toolchain_CV181H/gcc/gcc-linaro-6.3.1-2017.05-x86_64_arm-linux-gnueabihf/bin/../lib/gcc/arm-linux-gnueabihf/6.3.1/../../../../arm-linux-gnueabihf/bin/as -v -march=armv7-a -mfloat-abi=hard -mfpu=vfpv3-d16 -meabi=5 -o CMakeFiles/cmTC_0bad4.dir/CMakeCCompilerABI.c.o /tmp/cclDJJHO.s]
  ignore line: [GNU assembler version 2.27.0 (arm-linux-gnueabihf) using BFD version (Linaro_Binutils-2017.05) 2.27.0.20161019]
  ignore line: [COMPILER_PATH=/develop/toolchain_CV181H/gcc/gcc-linaro-6.3.1-2017.05-x86_64_arm-linux-gnueabihf/bin/../libexec/gcc/arm-linux-gnueabihf/6.3.1/:/develop/toolchain_CV181H/gcc/gcc-linaro-6.3.1-2017.05-x86_64_arm-linux-gnueabihf/bin/../libexec/gcc/arm-linux-gnueabihf/:/develop/toolchain_CV181H/gcc/gcc-linaro-6.3.1-2017.05-x86_64_arm-linux-gnueabihf/bin/../libexec/gcc/:/develop/toolchain_CV181H/gcc/gcc-linaro-6.3.1-2017.05-x86_64_arm-linux-gnueabihf/bin/../lib/gcc/arm-linux-gnueabihf/6.3.1/../../../../arm-linux-gnueabihf/bin/]
  ignore line: [LIBRARY_PATH=/develop/toolchain_CV181H/gcc/gcc-linaro-6.3.1-2017.05-x86_64_arm-linux-gnueabihf/bin/../lib/gcc/arm-linux-gnueabihf/6.3.1/:/develop/toolchain_CV181H/gcc/gcc-linaro-6.3.1-2017.05-x86_64_arm-linux-gnueabihf/bin/../lib/gcc/arm-linux-gnueabihf/:/develop/toolchain_CV181H/gcc/gcc-linaro-6.3.1-2017.05-x86_64_arm-linux-gnueabihf/bin/../lib/gcc/:/develop/toolchain_CV181H/gcc/gcc-linaro-6.3.1-2017.05-x86_64_arm-linux-gnueabihf/bin/../lib/gcc/arm-linux-gnueabihf/6.3.1/../../../../arm-linux-gnueabihf/lib/:/develop/toolchain_CV181H/gcc/sysroot/sysroot-glibc-linaro-2.23-2017.05-arm-linux-gnueabihf/lib/:/develop/toolchain_CV181H/gcc/sysroot/sysroot-glibc-linaro-2.23-2017.05-arm-linux-gnueabihf/usr/lib/]
  ignore line: [COLLECT_GCC_OPTIONS='-v' '-o' 'CMakeFiles/cmTC_0bad4.dir/CMakeCCompilerABI.c.o' '-c' '-march=armv7-a' '-mtune=cortex-a9' '-mfloat-abi=hard' '-mfpu=vfpv3-d16' '-mthumb' '-mtls-dialect=gnu']
  ignore line: [Linking C executable cmTC_0bad4]
  ignore line: [/usr/bin/cmake -E cmake_link_script CMakeFiles/cmTC_0bad4.dir/link.txt --verbose=1]
  ignore line: [/develop/toolchain_CV181H/gcc/gcc-linaro-6.3.1-2017.05-x86_64_arm-linux-gnueabihf/bin/arm-linux-gnueabihf-gcc --sysroot=/develop/toolchain_CV181H/gcc/sysroot/sysroot-glibc-linaro-2.23-2017.05-arm-linux-gnueabihf/     -v CMakeFiles/cmTC_0bad4.dir/CMakeCCompilerABI.c.o  -o cmTC_0bad4 ]
  ignore line: [Using built-in specs.]
  ignore line: [COLLECT_GCC=/develop/toolchain_CV181H/gcc/gcc-linaro-6.3.1-2017.05-x86_64_arm-linux-gnueabihf/bin/arm-linux-gnueabihf-gcc]
  ignore line: [COLLECT_LTO_WRAPPER=/develop/toolchain_CV181H/gcc/gcc-linaro-6.3.1-2017.05-x86_64_arm-linux-gnueabihf/bin/../libexec/gcc/arm-linux-gnueabihf/6.3.1/lto-wrapper]
  ignore line: [Target: arm-linux-gnueabihf]
  ignore line: [Configured with: '/home/tcwg-buildslave/workspace/tcwg-make-release/builder_arch/amd64/label/tcwg-x86_64-build/target/arm-linux-gnueabihf/snapshots/gcc.git~linaro-6.3-2017.05/configure' SHELL=/bin/bash --with-mpc=/home/tcwg-buildslave/workspace/tcwg-make-release/builder_arch/amd64/label/tcwg-x86_64-build/target/arm-linux-gnueabihf/_build/builds/destdir/x86_64-unknown-linux-gnu --with-mpfr=/home/tcwg-buildslave/workspace/tcwg-make-release/builder_arch/amd64/label/tcwg-x86_64-build/target/arm-linux-gnueabihf/_build/builds/destdir/x86_64-unknown-linux-gnu --with-gmp=/home/tcwg-buildslave/workspace/tcwg-make-release/builder_arch/amd64/label/tcwg-x86_64-build/target/arm-linux-gnueabihf/_build/builds/destdir/x86_64-unknown-linux-gnu --with-gnu-as --with-gnu-ld --disable-libmudflap --enable-lto --enable-shared --without-included-gettext --enable-nls --disable-sjlj-exceptions --enable-gnu-unique-object --enable-linker-build-id --disable-libstdcxx-pch --enable-c99 --enable-clocale=gnu --enable-libstdcxx-debug --enable-long-long --with-cloog=no --with-ppl=no --with-isl=no --disable-multilib --with-float=hard --with-fpu=vfpv3-d16 --with-mode=thumb --with-tune=cortex-a9 --with-arch=armv7-a --enable-threads=posix --enable-multiarch --enable-libstdcxx-time=yes --enable-gnu-indirect-function --with-build-sysroot=/home/tcwg-buildslave/workspace/tcwg-make-release/builder_arch/amd64/label/tcwg-x86_64-build/target/arm-linux-gnueabihf/_build/sysroots/arm-linux-gnueabihf --with-sysroot=/home/tcwg-buildslave/workspace/tcwg-make-release/builder_arch/amd64/label/tcwg-x86_64-build/target/arm-linux-gnueabihf/_build/builds/destdir/x86_64-unknown-linux-gnu/arm-linux-gnueabihf/libc --enable-checking=release --disable-bootstrap --enable-languages=c,c++,fortran,lto --build=x86_64-unknown-linux-gnu --host=x86_64-unknown-linux-gnu --target=arm-linux-gnueabihf --prefix=/home/tcwg-buildslave/workspace/tcwg-make-release/builder_arch/amd64/label/tcwg-x86_64-build/target/arm-linux-gnueabihf/_build/builds/destdir/x86_64-unknown-linux-gnu]
  ignore line: [Thread model: posix]
  ignore line: [gcc version 6.3.1 20170404 (Linaro GCC 6.3-2017.05) ]
  ignore line: [COMPILER_PATH=/develop/toolchain_CV181H/gcc/gcc-linaro-6.3.1-2017.05-x86_64_arm-linux-gnueabihf/bin/../libexec/gcc/arm-linux-gnueabihf/6.3.1/:/develop/toolchain_CV181H/gcc/gcc-linaro-6.3.1-2017.05-x86_64_arm-linux-gnueabihf/bin/../libexec/gcc/arm-linux-gnueabihf/:/develop/toolchain_CV181H/gcc/gcc-linaro-6.3.1-2017.05-x86_64_arm-linux-gnueabihf/bin/../libexec/gcc/:/develop/toolchain_CV181H/gcc/gcc-linaro-6.3.1-2017.05-x86_64_arm-linux-gnueabihf/bin/../lib/gcc/arm-linux-gnueabihf/6.3.1/../../../../arm-linux-gnueabihf/bin/]
  ignore line: [LIBRARY_PATH=/develop/toolchain_CV181H/gcc/gcc-linaro-6.3.1-2017.05-x86_64_arm-linux-gnueabihf/bin/../lib/gcc/arm-linux-gnueabihf/6.3.1/:/develop/toolchain_CV181H/gcc/gcc-linaro-6.3.1-2017.05-x86_64_arm-linux-gnueabihf/bin/../lib/gcc/arm-linux-gnueabihf/:/develop/toolchain_CV181H/gcc/gcc-linaro-6.3.1-2017.05-x86_64_arm-linux-gnueabihf/bin/../lib/gcc/:/develop/toolchain_CV181H/gcc/gcc-linaro-6.3.1-2017.05-x86_64_arm-linux-gnueabihf/bin/../lib/gcc/arm-linux-gnueabihf/6.3.1/../../../../arm-linux-gnueabihf/lib/:/develop/toolchain_CV181H/gcc/sysroot/sysroot-glibc-linaro-2.23-2017.05-arm-linux-gnueabihf/lib/:/develop/toolchain_CV181H/gcc/sysroot/sysroot-glibc-linaro-2.23-2017.05-arm-linux-gnueabihf/usr/lib/]
  ignore line: [COLLECT_GCC_OPTIONS='-v' '-o' 'cmTC_0bad4' '-march=armv7-a' '-mtune=cortex-a9' '-mfloat-abi=hard' '-mfpu=vfpv3-d16' '-mthumb' '-mtls-dialect=gnu']
  link line: [ /develop/toolchain_CV181H/gcc/gcc-linaro-6.3.1-2017.05-x86_64_arm-linux-gnueabihf/bin/../libexec/gcc/arm-linux-gnueabihf/6.3.1/collect2 -plugin /develop/toolchain_CV181H/gcc/gcc-linaro-6.3.1-2017.05-x86_64_arm-linux-gnueabihf/bin/../libexec/gcc/arm-linux-gnueabihf/6.3.1/liblto_plugin.so -plugin-opt=/develop/toolchain_CV181H/gcc/gcc-linaro-6.3.1-2017.05-x86_64_arm-linux-gnueabihf/bin/../libexec/gcc/arm-linux-gnueabihf/6.3.1/lto-wrapper -plugin-opt=-fresolution=/tmp/cc4ksvwj.res -plugin-opt=-pass-through=-lgcc -plugin-opt=-pass-through=-lgcc_s -plugin-opt=-pass-through=-lc -plugin-opt=-pass-through=-lgcc -plugin-opt=-pass-through=-lgcc_s --sysroot=/develop/toolchain_CV181H/gcc/sysroot/sysroot-glibc-linaro-2.23-2017.05-arm-linux-gnueabihf/ --build-id --eh-frame-hdr -dynamic-linker /lib/ld-linux-armhf.so.3 -X -m armelf_linux_eabi -o cmTC_0bad4 /develop/toolchain_CV181H/gcc/sysroot/sysroot-glibc-linaro-2.23-2017.05-arm-linux-gnueabihf/usr/lib/crt1.o /develop/toolchain_CV181H/gcc/sysroot/sysroot-glibc-linaro-2.23-2017.05-arm-linux-gnueabihf/usr/lib/crti.o /develop/toolchain_CV181H/gcc/gcc-linaro-6.3.1-2017.05-x86_64_arm-linux-gnueabihf/bin/../lib/gcc/arm-linux-gnueabihf/6.3.1/crtbegin.o -L/develop/toolchain_CV181H/gcc/gcc-linaro-6.3.1-2017.05-x86_64_arm-linux-gnueabihf/bin/../lib/gcc/arm-linux-gnueabihf/6.3.1 -L/develop/toolchain_CV181H/gcc/gcc-linaro-6.3.1-2017.05-x86_64_arm-linux-gnueabihf/bin/../lib/gcc/arm-linux-gnueabihf -L/develop/toolchain_CV181H/gcc/gcc-linaro-6.3.1-2017.05-x86_64_arm-linux-gnueabihf/bin/../lib/gcc -L/develop/toolchain_CV181H/gcc/gcc-linaro-6.3.1-2017.05-x86_64_arm-linux-gnueabihf/bin/../lib/gcc/arm-linux-gnueabihf/6.3.1/../../../../arm-linux-gnueabihf/lib -L/develop/toolchain_CV181H/gcc/sysroot/sysroot-glibc-linaro-2.23-2017.05-arm-linux-gnueabihf/lib -L/develop/toolchain_CV181H/gcc/sysroot/sysroot-glibc-linaro-2.23-2017.05-arm-linux-gnueabihf/usr/lib CMakeFiles/cmTC_0bad4.dir/CMakeCCompilerABI.c.o -lgcc --as-needed -lgcc_s --no-as-needed -lc -lgcc --as-needed -lgcc_s --no-as-needed /develop/toolchain_CV181H/gcc/gcc-linaro-6.3.1-2017.05-x86_64_arm-linux-gnueabihf/bin/../lib/gcc/arm-linux-gnueabihf/6.3.1/crtend.o /develop/toolchain_CV181H/gcc/sysroot/sysroot-glibc-linaro-2.23-2017.05-arm-linux-gnueabihf/usr/lib/crtn.o]
    arg [/develop/toolchain_CV181H/gcc/gcc-linaro-6.3.1-2017.05-x86_64_arm-linux-gnueabihf/bin/../libexec/gcc/arm-linux-gnueabihf/6.3.1/collect2] ==> ignore
    arg [-plugin] ==> ignore
    arg [/develop/toolchain_CV181H/gcc/gcc-linaro-6.3.1-2017.05-x86_64_arm-linux-gnueabihf/bin/../libexec/gcc/arm-linux-gnueabihf/6.3.1/liblto_plugin.so] ==> ignore
    arg [-plugin-opt=/develop/toolchain_CV181H/gcc/gcc-linaro-6.3.1-2017.05-x86_64_arm-linux-gnueabihf/bin/../libexec/gcc/arm-linux-gnueabihf/6.3.1/lto-wrapper] ==> ignore
    arg [-plugin-opt=-fresolution=/tmp/cc4ksvwj.res] ==> ignore
    arg [-plugin-opt=-pass-through=-lgcc] ==> ignore
    arg [-plugin-opt=-pass-through=-lgcc_s] ==> ignore
    arg [-plugin-opt=-pass-through=-lc] ==> ignore
    arg [-plugin-opt=-pass-through=-lgcc] ==> ignore
    arg [-plugin-opt=-pass-through=-lgcc_s] ==> ignore
    arg [--sysroot=/develop/toolchain_CV181H/gcc/sysroot/sysroot-glibc-linaro-2.23-2017.05-arm-linux-gnueabihf/] ==> ignore
    arg [--build-id] ==> ignore
    arg [--eh-frame-hdr] ==> ignore
    arg [-dynamic-linker] ==> ignore
    arg [/lib/ld-linux-armhf.so.3] ==> ignore
    arg [-X] ==> ignore
    arg [-m] ==> ignore
    arg [armelf_linux_eabi] ==> ignore
    arg [-o] ==> ignore
    arg [cmTC_0bad4] ==> ignore
    arg [/develop/toolchain_CV181H/gcc/sysroot/sysroot-glibc-linaro-2.23-2017.05-arm-linux-gnueabihf/usr/lib/crt1.o] ==> ignore
    arg [/develop/toolchain_CV181H/gcc/sysroot/sysroot-glibc-linaro-2.23-2017.05-arm-linux-gnueabihf/usr/lib/crti.o] ==> ignore
    arg [/develop/toolchain_CV181H/gcc/gcc-linaro-6.3.1-2017.05-x86_64_arm-linux-gnueabihf/bin/../lib/gcc/arm-linux-gnueabihf/6.3.1/crtbegin.o] ==> ignore
    arg [-L/develop/toolchain_CV181H/gcc/gcc-linaro-6.3.1-2017.05-x86_64_arm-linux-gnueabihf/bin/../lib/gcc/arm-linux-gnueabihf/6.3.1] ==> dir [/develop/toolchain_CV181H/gcc/gcc-linaro-6.3.1-2017.05-x86_64_arm-linux-gnueabihf/bin/../lib/gcc/arm-linux-gnueabihf/6.3.1]
    arg [-L/develop/toolchain_CV181H/gcc/gcc-linaro-6.3.1-2017.05-x86_64_arm-linux-gnueabihf/bin/../lib/gcc/arm-linux-gnueabihf] ==> dir [/develop/toolchain_CV181H/gcc/gcc-linaro-6.3.1-2017.05-x86_64_arm-linux-gnueabihf/bin/../lib/gcc/arm-linux-gnueabihf]
    arg [-L/develop/toolchain_CV181H/gcc/gcc-linaro-6.3.1-2017.05-x86_64_arm-linux-gnueabihf/bin/../lib/gcc] ==> dir [/develop/toolchain_CV181H/gcc/gcc-linaro-6.3.1-2017.05-x86_64_arm-linux-gnueabihf/bin/../lib/gcc]
    arg [-L/develop/toolchain_CV181H/gcc/gcc-linaro-6.3.1-2017.05-x86_64_arm-linux-gnueabihf/bin/../lib/gcc/arm-linux-gnueabihf/6.3.1/../../../../arm-linux-gnueabihf/lib] ==> dir [/develop/toolchain_CV181H/gcc/gcc-linaro-6.3.1-2017.05-x86_64_arm-linux-gnueabihf/bin/../lib/gcc/arm-linux-gnueabihf/6.3.1/../../../../arm-linux-gnueabihf/lib]
    arg [-L/develop/toolchain_CV181H/gcc/sysroot/sysroot-glibc-linaro-2.23-2017.05-arm-linux-gnueabihf/lib] ==> dir [/develop/toolchain_CV181H/gcc/sysroot/sysroot-glibc-linaro-2.23-2017.05-arm-linux-gnueabihf/lib]
    arg [-L/develop/toolchain_CV181H/gcc/sysroot/sysroot-glibc-linaro-2.23-2017.05-arm-linux-gnueabihf/usr/lib] ==> dir [/develop/toolchain_CV181H/gcc/sysroot/sysroot-glibc-linaro-2.23-2017.05-arm-linux-gnueabihf/usr/lib]
    arg [CMakeFiles/cmTC_0bad4.dir/CMakeCCompilerABI.c.o] ==> ignore
    arg [-lgcc] ==> lib [gcc]
    arg [--as-needed] ==> ignore
    arg [-lgcc_s] ==> lib [gcc_s]
    arg [--no-as-needed] ==> ignore
    arg [-lc] ==> lib [c]
    arg [-lgcc] ==> lib [gcc]
    arg [--as-needed] ==> ignore
    arg [-lgcc_s] ==> lib [gcc_s]
    arg [--no-as-needed] ==> ignore
    arg [/develop/toolchain_CV181H/gcc/gcc-linaro-6.3.1-2017.05-x86_64_arm-linux-gnueabihf/bin/../lib/gcc/arm-linux-gnueabihf/6.3.1/crtend.o] ==> ignore
    arg [/develop/toolchain_CV181H/gcc/sysroot/sysroot-glibc-linaro-2.23-2017.05-arm-linux-gnueabihf/usr/lib/crtn.o] ==> ignore
  collapse library dir [/develop/toolchain_CV181H/gcc/gcc-linaro-6.3.1-2017.05-x86_64_arm-linux-gnueabihf/bin/../lib/gcc/arm-linux-gnueabihf/6.3.1] ==> [/develop/toolchain_CV181H/gcc/gcc-linaro-6.3.1-2017.05-x86_64_arm-linux-gnueabihf/lib/gcc/arm-linux-gnueabihf/6.3.1]
  collapse library dir [/develop/toolchain_CV181H/gcc/gcc-linaro-6.3.1-2017.05-x86_64_arm-linux-gnueabihf/bin/../lib/gcc/arm-linux-gnueabihf] ==> [/develop/toolchain_CV181H/gcc/gcc-linaro-6.3.1-2017.05-x86_64_arm-linux-gnueabihf/lib/gcc/arm-linux-gnueabihf]
  collapse library dir [/develop/toolchain_CV181H/gcc/gcc-linaro-6.3.1-2017.05-x86_64_arm-linux-gnueabihf/bin/../lib/gcc] ==> [/develop/toolchain_CV181H/gcc/gcc-linaro-6.3.1-2017.05-x86_64_arm-linux-gnueabihf/lib/gcc]
  collapse library dir [/develop/toolchain_CV181H/gcc/gcc-linaro-6.3.1-2017.05-x86_64_arm-linux-gnueabihf/bin/../lib/gcc/arm-linux-gnueabihf/6.3.1/../../../../arm-linux-gnueabihf/lib] ==> [/develop/toolchain_CV181H/gcc/gcc-linaro-6.3.1-2017.05-x86_64_arm-linux-gnueabihf/arm-linux-gnueabihf/lib]
  collapse library dir [/develop/toolchain_CV181H/gcc/sysroot/sysroot-glibc-linaro-2.23-2017.05-arm-linux-gnueabihf/lib] ==> [/develop/toolchain_CV181H/gcc/sysroot/sysroot-glibc-linaro-2.23-2017.05-arm-linux-gnueabihf/lib]
  collapse library dir [/develop/toolchain_CV181H/gcc/sysroot/sysroot-glibc-linaro-2.23-2017.05-arm-linux-gnueabihf/usr/lib] ==> [/develop/toolchain_CV181H/gcc/sysroot/sysroot-glibc-linaro-2.23-2017.05-arm-linux-gnueabihf/usr/lib]
  implicit libs: [gcc;gcc_s;c;gcc;gcc_s]
  implicit dirs: [/develop/toolchain_CV181H/gcc/gcc-linaro-6.3.1-2017.05-x86_64_arm-linux-gnueabihf/lib/gcc/arm-linux-gnueabihf/6.3.1;/develop/toolchain_CV181H/gcc/gcc-linaro-6.3.1-2017.05-x86_64_arm-linux-gnueabihf/lib/gcc/arm-linux-gnueabihf;/develop/toolchain_CV181H/gcc/gcc-linaro-6.3.1-2017.05-x86_64_arm-linux-gnueabihf/lib/gcc;/develop/toolchain_CV181H/gcc/gcc-linaro-6.3.1-2017.05-x86_64_arm-linux-gnueabihf/arm-linux-gnueabihf/lib;/develop/toolchain_CV181H/gcc/sysroot/sysroot-glibc-linaro-2.23-2017.05-arm-linux-gnueabihf/lib;/develop/toolchain_CV181H/gcc/sysroot/sysroot-glibc-linaro-2.23-2017.05-arm-linux-gnueabihf/usr/lib]
  implicit fwks: []


Determining if the CXX compiler works passed with the following output:
Change Dir: /mnt/a57a7843-7ae2-415a-9125-4c61fa4163d9/3rdLibrary/Awtk_3rd_library/build/CMakeFiles/CMakeTmp

Run Build Command(s):/usr/bin/make cmTC_c4ec6/fast && /usr/bin/make -f CMakeFiles/cmTC_c4ec6.dir/build.make CMakeFiles/cmTC_c4ec6.dir/build
make[1]: 进入目录“/mnt/a57a7843-7ae2-415a-9125-4c61fa4163d9/3rdLibrary/Awtk_3rd_library/build/CMakeFiles/CMakeTmp”
Building CXX object CMakeFiles/cmTC_c4ec6.dir/testCXXCompiler.cxx.o
/develop/toolchain_CV181H/gcc/gcc-linaro-6.3.1-2017.05-x86_64_arm-linux-gnueabihf/bin/arm-linux-gnueabihf-g++ --sysroot=/develop/toolchain_CV181H/gcc/sysroot/sysroot-glibc-linaro-2.23-2017.05-arm-linux-gnueabihf/     -o CMakeFiles/cmTC_c4ec6.dir/testCXXCompiler.cxx.o -c /mnt/a57a7843-7ae2-415a-9125-4c61fa4163d9/3rdLibrary/Awtk_3rd_library/build/CMakeFiles/CMakeTmp/testCXXCompiler.cxx
Linking CXX executable cmTC_c4ec6
/usr/bin/cmake -E cmake_link_script CMakeFiles/cmTC_c4ec6.dir/link.txt --verbose=1
/develop/toolchain_CV181H/gcc/gcc-linaro-6.3.1-2017.05-x86_64_arm-linux-gnueabihf/bin/arm-linux-gnueabihf-g++ --sysroot=/develop/toolchain_CV181H/gcc/sysroot/sysroot-glibc-linaro-2.23-2017.05-arm-linux-gnueabihf/       CMakeFiles/cmTC_c4ec6.dir/testCXXCompiler.cxx.o  -o cmTC_c4ec6 
make[1]: 离开目录“/mnt/a57a7843-7ae2-415a-9125-4c61fa4163d9/3rdLibrary/Awtk_3rd_library/build/CMakeFiles/CMakeTmp”



Detecting CXX compiler ABI info compiled with the following output:
Change Dir: /mnt/a57a7843-7ae2-415a-9125-4c61fa4163d9/3rdLibrary/Awtk_3rd_library/build/CMakeFiles/CMakeTmp

Run Build Command(s):/usr/bin/make cmTC_e148c/fast && /usr/bin/make -f CMakeFiles/cmTC_e148c.dir/build.make CMakeFiles/cmTC_e148c.dir/build
make[1]: Entering directory '/mnt/a57a7843-7ae2-415a-9125-4c61fa4163d9/3rdLibrary/Awtk_3rd_library/build/CMakeFiles/CMakeTmp'
Building CXX object CMakeFiles/cmTC_e148c.dir/CMakeCXXCompilerABI.cpp.o
/develop/toolchain_CV181H/gcc/gcc-linaro-6.3.1-2017.05-x86_64_arm-linux-gnueabihf/bin/arm-linux-gnueabihf-g++ --sysroot=/develop/toolchain_CV181H/gcc/sysroot/sysroot-glibc-linaro-2.23-2017.05-arm-linux-gnueabihf/    -v -o CMakeFiles/cmTC_e148c.dir/CMakeCXXCompilerABI.cpp.o -c /usr/share/cmake-3.16/Modules/CMakeCXXCompilerABI.cpp
Using built-in specs.
COLLECT_GCC=/develop/toolchain_CV181H/gcc/gcc-linaro-6.3.1-2017.05-x86_64_arm-linux-gnueabihf/bin/arm-linux-gnueabihf-g++
Target: arm-linux-gnueabihf
Configured with: '/home/tcwg-buildslave/workspace/tcwg-make-release/builder_arch/amd64/label/tcwg-x86_64-build/target/arm-linux-gnueabihf/snapshots/gcc.git~linaro-6.3-2017.05/configure' SHELL=/bin/bash --with-mpc=/home/tcwg-buildslave/workspace/tcwg-make-release/builder_arch/amd64/label/tcwg-x86_64-build/target/arm-linux-gnueabihf/_build/builds/destdir/x86_64-unknown-linux-gnu --with-mpfr=/home/tcwg-buildslave/workspace/tcwg-make-release/builder_arch/amd64/label/tcwg-x86_64-build/target/arm-linux-gnueabihf/_build/builds/destdir/x86_64-unknown-linux-gnu --with-gmp=/home/tcwg-buildslave/workspace/tcwg-make-release/builder_arch/amd64/label/tcwg-x86_64-build/target/arm-linux-gnueabihf/_build/builds/destdir/x86_64-unknown-linux-gnu --with-gnu-as --with-gnu-ld --disable-libmudflap --enable-lto --enable-shared --without-included-gettext --enable-nls --disable-sjlj-exceptions --enable-gnu-unique-object --enable-linker-build-id --disable-libstdcxx-pch --enable-c99 --enable-clocale=gnu --enable-libstdcxx-debug --enable-long-long --with-cloog=no --with-ppl=no --with-isl=no --disable-multilib --with-float=hard --with-fpu=vfpv3-d16 --with-mode=thumb --with-tune=cortex-a9 --with-arch=armv7-a --enable-threads=posix --enable-multiarch --enable-libstdcxx-time=yes --enable-gnu-indirect-function --with-build-sysroot=/home/tcwg-buildslave/workspace/tcwg-make-release/builder_arch/amd64/label/tcwg-x86_64-build/target/arm-linux-gnueabihf/_build/sysroots/arm-linux-gnueabihf --with-sysroot=/home/tcwg-buildslave/workspace/tcwg-make-release/builder_arch/amd64/label/tcwg-x86_64-build/target/arm-linux-gnueabihf/_build/builds/destdir/x86_64-unknown-linux-gnu/arm-linux-gnueabihf/libc --enable-checking=release --disable-bootstrap --enable-languages=c,c++,fortran,lto --build=x86_64-unknown-linux-gnu --host=x86_64-unknown-linux-gnu --target=arm-linux-gnueabihf --prefix=/home/tcwg-buildslave/workspace/tcwg-make-release/builder_arch/amd64/label/tcwg-x86_64-build/target/arm-linux-gnueabihf/_build/builds/destdir/x86_64-unknown-linux-gnu
Thread model: posix
gcc version 6.3.1 20170404 (Linaro GCC 6.3-2017.05) 
COLLECT_GCC_OPTIONS='-v' '-o' 'CMakeFiles/cmTC_e148c.dir/CMakeCXXCompilerABI.cpp.o' '-c' '-shared-libgcc' '-march=armv7-a' '-mtune=cortex-a9' '-mfloat-abi=hard' '-mfpu=vfpv3-d16' '-mthumb' '-mtls-dialect=gnu'
 /develop/toolchain_CV181H/gcc/gcc-linaro-6.3.1-2017.05-x86_64_arm-linux-gnueabihf/bin/../libexec/gcc/arm-linux-gnueabihf/6.3.1/cc1plus -quiet -v -imultilib . -imultiarch arm-linux-gnueabihf -iprefix /develop/toolchain_CV181H/gcc/gcc-linaro-6.3.1-2017.05-x86_64_arm-linux-gnueabihf/bin/../lib/gcc/arm-linux-gnueabihf/6.3.1/ -isysroot /develop/toolchain_CV181H/gcc/sysroot/sysroot-glibc-linaro-2.23-2017.05-arm-linux-gnueabihf/ -D_GNU_SOURCE /usr/share/cmake-3.16/Modules/CMakeCXXCompilerABI.cpp -quiet -dumpbase CMakeCXXCompilerABI.cpp -march=armv7-a -mtune=cortex-a9 -mfloat-abi=hard -mfpu=vfpv3-d16 -mthumb -mtls-dialect=gnu -auxbase-strip CMakeFiles/cmTC_e148c.dir/CMakeCXXCompilerABI.cpp.o -version -o /tmp/ccJh5LbM.s
GNU C++14 (Linaro GCC 6.3-2017.05) version 6.3.1 20170404 (arm-linux-gnueabihf)
	compiled by GNU C version 4.8.4, GMP version 6.1.0, MPFR version 3.1.4, MPC version 1.0.3, isl version none
GGC heuristics: --param ggc-min-expand=100 --param ggc-min-heapsize=131072
ignoring duplicate directory "/develop/toolchain_CV181H/gcc/gcc-linaro-6.3.1-2017.05-x86_64_arm-linux-gnueabihf/bin/../lib/gcc/../../lib/gcc/arm-linux-gnueabihf/6.3.1/../../../../arm-linux-gnueabihf/include/c++/6.3.1"
ignoring duplicate directory "/develop/toolchain_CV181H/gcc/gcc-linaro-6.3.1-2017.05-x86_64_arm-linux-gnueabihf/bin/../lib/gcc/../../lib/gcc/arm-linux-gnueabihf/6.3.1/../../../../arm-linux-gnueabihf/include/c++/6.3.1/arm-linux-gnueabihf/."
ignoring duplicate directory "/develop/toolchain_CV181H/gcc/gcc-linaro-6.3.1-2017.05-x86_64_arm-linux-gnueabihf/bin/../lib/gcc/../../lib/gcc/arm-linux-gnueabihf/6.3.1/../../../../arm-linux-gnueabihf/include/c++/6.3.1/backward"
ignoring duplicate directory "/develop/toolchain_CV181H/gcc/gcc-linaro-6.3.1-2017.05-x86_64_arm-linux-gnueabihf/bin/../lib/gcc/../../lib/gcc/arm-linux-gnueabihf/6.3.1/include"
ignoring nonexistent directory "/develop/toolchain_CV181H/gcc/sysroot/sysroot-glibc-linaro-2.23-2017.05-arm-linux-gnueabihf/usr/local/include/arm-linux-gnueabihf"
ignoring nonexistent directory "/develop/toolchain_CV181H/gcc/sysroot/sysroot-glibc-linaro-2.23-2017.05-arm-linux-gnueabihf/usr/local/include"
ignoring duplicate directory "/develop/toolchain_CV181H/gcc/gcc-linaro-6.3.1-2017.05-x86_64_arm-linux-gnueabihf/bin/../lib/gcc/../../lib/gcc/arm-linux-gnueabihf/6.3.1/include-fixed"
ignoring duplicate directory "/develop/toolchain_CV181H/gcc/gcc-linaro-6.3.1-2017.05-x86_64_arm-linux-gnueabihf/bin/../lib/gcc/../../lib/gcc/arm-linux-gnueabihf/6.3.1/../../../../arm-linux-gnueabihf/include"
ignoring nonexistent directory "/develop/toolchain_CV181H/gcc/sysroot/sysroot-glibc-linaro-2.23-2017.05-arm-linux-gnueabihf/usr/include/arm-linux-gnueabihf"
#include "..." search starts here:
#include <...> search starts here:
 /develop/toolchain_CV181H/gcc/gcc-linaro-6.3.1-2017.05-x86_64_arm-linux-gnueabihf/bin/../lib/gcc/arm-linux-gnueabihf/6.3.1/../../../../arm-linux-gnueabihf/include/c++/6.3.1
 /develop/toolchain_CV181H/gcc/gcc-linaro-6.3.1-2017.05-x86_64_arm-linux-gnueabihf/bin/../lib/gcc/arm-linux-gnueabihf/6.3.1/../../../../arm-linux-gnueabihf/include/c++/6.3.1/arm-linux-gnueabihf/.
 /develop/toolchain_CV181H/gcc/gcc-linaro-6.3.1-2017.05-x86_64_arm-linux-gnueabihf/bin/../lib/gcc/arm-linux-gnueabihf/6.3.1/../../../../arm-linux-gnueabihf/include/c++/6.3.1/backward
 /develop/toolchain_CV181H/gcc/gcc-linaro-6.3.1-2017.05-x86_64_arm-linux-gnueabihf/bin/../lib/gcc/arm-linux-gnueabihf/6.3.1/include
 /develop/toolchain_CV181H/gcc/gcc-linaro-6.3.1-2017.05-x86_64_arm-linux-gnueabihf/bin/../lib/gcc/arm-linux-gnueabihf/6.3.1/include-fixed
 /develop/toolchain_CV181H/gcc/gcc-linaro-6.3.1-2017.05-x86_64_arm-linux-gnueabihf/bin/../lib/gcc/arm-linux-gnueabihf/6.3.1/../../../../arm-linux-gnueabihf/include
 /develop/toolchain_CV181H/gcc/sysroot/sysroot-glibc-linaro-2.23-2017.05-arm-linux-gnueabihf/usr/include
End of search list.
GNU C++14 (Linaro GCC 6.3-2017.05) version 6.3.1 20170404 (arm-linux-gnueabihf)
	compiled by GNU C version 4.8.4, GMP version 6.1.0, MPFR version 3.1.4, MPC version 1.0.3, isl version none
GGC heuristics: --param ggc-min-expand=100 --param ggc-min-heapsize=131072
Compiler executable checksum: e0cbb9a4025b7f5b3e35190fea1db76f
COLLECT_GCC_OPTIONS='-v' '-o' 'CMakeFiles/cmTC_e148c.dir/CMakeCXXCompilerABI.cpp.o' '-c' '-shared-libgcc' '-march=armv7-a' '-mtune=cortex-a9' '-mfloat-abi=hard' '-mfpu=vfpv3-d16' '-mthumb' '-mtls-dialect=gnu'
 /develop/toolchain_CV181H/gcc/gcc-linaro-6.3.1-2017.05-x86_64_arm-linux-gnueabihf/bin/../lib/gcc/arm-linux-gnueabihf/6.3.1/../../../../arm-linux-gnueabihf/bin/as -v -march=armv7-a -mfloat-abi=hard -mfpu=vfpv3-d16 -meabi=5 -o CMakeFiles/cmTC_e148c.dir/CMakeCXXCompilerABI.cpp.o /tmp/ccJh5LbM.s
GNU assembler version 2.27.0 (arm-linux-gnueabihf) using BFD version (Linaro_Binutils-2017.05) 2.27.0.20161019
COMPILER_PATH=/develop/toolchain_CV181H/gcc/gcc-linaro-6.3.1-2017.05-x86_64_arm-linux-gnueabihf/bin/../libexec/gcc/arm-linux-gnueabihf/6.3.1/:/develop/toolchain_CV181H/gcc/gcc-linaro-6.3.1-2017.05-x86_64_arm-linux-gnueabihf/bin/../libexec/gcc/arm-linux-gnueabihf/:/develop/toolchain_CV181H/gcc/gcc-linaro-6.3.1-2017.05-x86_64_arm-linux-gnueabihf/bin/../libexec/gcc/:/develop/toolchain_CV181H/gcc/gcc-linaro-6.3.1-2017.05-x86_64_arm-linux-gnueabihf/bin/../lib/gcc/arm-linux-gnueabihf/6.3.1/../../../../arm-linux-gnueabihf/bin/
LIBRARY_PATH=/develop/toolchain_CV181H/gcc/gcc-linaro-6.3.1-2017.05-x86_64_arm-linux-gnueabihf/bin/../lib/gcc/arm-linux-gnueabihf/6.3.1/:/develop/toolchain_CV181H/gcc/gcc-linaro-6.3.1-2017.05-x86_64_arm-linux-gnueabihf/bin/../lib/gcc/arm-linux-gnueabihf/:/develop/toolchain_CV181H/gcc/gcc-linaro-6.3.1-2017.05-x86_64_arm-linux-gnueabihf/bin/../lib/gcc/:/develop/toolchain_CV181H/gcc/gcc-linaro-6.3.1-2017.05-x86_64_arm-linux-gnueabihf/bin/../lib/gcc/arm-linux-gnueabihf/6.3.1/../../../../arm-linux-gnueabihf/lib/:/develop/toolchain_CV181H/gcc/sysroot/sysroot-glibc-linaro-2.23-2017.05-arm-linux-gnueabihf/lib/:/develop/toolchain_CV181H/gcc/sysroot/sysroot-glibc-linaro-2.23-2017.05-arm-linux-gnueabihf/usr/lib/
COLLECT_GCC_OPTIONS='-v' '-o' 'CMakeFiles/cmTC_e148c.dir/CMakeCXXCompilerABI.cpp.o' '-c' '-shared-libgcc' '-march=armv7-a' '-mtune=cortex-a9' '-mfloat-abi=hard' '-mfpu=vfpv3-d16' '-mthumb' '-mtls-dialect=gnu'
Linking CXX executable cmTC_e148c
/usr/bin/cmake -E cmake_link_script CMakeFiles/cmTC_e148c.dir/link.txt --verbose=1
/develop/toolchain_CV181H/gcc/gcc-linaro-6.3.1-2017.05-x86_64_arm-linux-gnueabihf/bin/arm-linux-gnueabihf-g++ --sysroot=/develop/toolchain_CV181H/gcc/sysroot/sysroot-glibc-linaro-2.23-2017.05-arm-linux-gnueabihf/      -v CMakeFiles/cmTC_e148c.dir/CMakeCXXCompilerABI.cpp.o  -o cmTC_e148c 
Using built-in specs.
COLLECT_GCC=/develop/toolchain_CV181H/gcc/gcc-linaro-6.3.1-2017.05-x86_64_arm-linux-gnueabihf/bin/arm-linux-gnueabihf-g++
COLLECT_LTO_WRAPPER=/develop/toolchain_CV181H/gcc/gcc-linaro-6.3.1-2017.05-x86_64_arm-linux-gnueabihf/bin/../libexec/gcc/arm-linux-gnueabihf/6.3.1/lto-wrapper
Target: arm-linux-gnueabihf
Configured with: '/home/tcwg-buildslave/workspace/tcwg-make-release/builder_arch/amd64/label/tcwg-x86_64-build/target/arm-linux-gnueabihf/snapshots/gcc.git~linaro-6.3-2017.05/configure' SHELL=/bin/bash --with-mpc=/home/tcwg-buildslave/workspace/tcwg-make-release/builder_arch/amd64/label/tcwg-x86_64-build/target/arm-linux-gnueabihf/_build/builds/destdir/x86_64-unknown-linux-gnu --with-mpfr=/home/tcwg-buildslave/workspace/tcwg-make-release/builder_arch/amd64/label/tcwg-x86_64-build/target/arm-linux-gnueabihf/_build/builds/destdir/x86_64-unknown-linux-gnu --with-gmp=/home/tcwg-buildslave/workspace/tcwg-make-release/builder_arch/amd64/label/tcwg-x86_64-build/target/arm-linux-gnueabihf/_build/builds/destdir/x86_64-unknown-linux-gnu --with-gnu-as --with-gnu-ld --disable-libmudflap --enable-lto --enable-shared --without-included-gettext --enable-nls --disable-sjlj-exceptions --enable-gnu-unique-object --enable-linker-build-id --disable-libstdcxx-pch --enable-c99 --enable-clocale=gnu --enable-libstdcxx-debug --enable-long-long --with-cloog=no --with-ppl=no --with-isl=no --disable-multilib --with-float=hard --with-fpu=vfpv3-d16 --with-mode=thumb --with-tune=cortex-a9 --with-arch=armv7-a --enable-threads=posix --enable-multiarch --enable-libstdcxx-time=yes --enable-gnu-indirect-function --with-build-sysroot=/home/tcwg-buildslave/workspace/tcwg-make-release/builder_arch/amd64/label/tcwg-x86_64-build/target/arm-linux-gnueabihf/_build/sysroots/arm-linux-gnueabihf --with-sysroot=/home/tcwg-buildslave/workspace/tcwg-make-release/builder_arch/amd64/label/tcwg-x86_64-build/target/arm-linux-gnueabihf/_build/builds/destdir/x86_64-unknown-linux-gnu/arm-linux-gnueabihf/libc --enable-checking=release --disable-bootstrap --enable-languages=c,c++,fortran,lto --build=x86_64-unknown-linux-gnu --host=x86_64-unknown-linux-gnu --target=arm-linux-gnueabihf --prefix=/home/tcwg-buildslave/workspace/tcwg-make-release/builder_arch/amd64/label/tcwg-x86_64-build/target/arm-linux-gnueabihf/_build/builds/destdir/x86_64-unknown-linux-gnu
Thread model: posix
gcc version 6.3.1 20170404 (Linaro GCC 6.3-2017.05) 
COMPILER_PATH=/develop/toolchain_CV181H/gcc/gcc-linaro-6.3.1-2017.05-x86_64_arm-linux-gnueabihf/bin/../libexec/gcc/arm-linux-gnueabihf/6.3.1/:/develop/toolchain_CV181H/gcc/gcc-linaro-6.3.1-2017.05-x86_64_arm-linux-gnueabihf/bin/../libexec/gcc/arm-linux-gnueabihf/:/develop/toolchain_CV181H/gcc/gcc-linaro-6.3.1-2017.05-x86_64_arm-linux-gnueabihf/bin/../libexec/gcc/:/develop/toolchain_CV181H/gcc/gcc-linaro-6.3.1-2017.05-x86_64_arm-linux-gnueabihf/bin/../lib/gcc/arm-linux-gnueabihf/6.3.1/../../../../arm-linux-gnueabihf/bin/
LIBRARY_PATH=/develop/toolchain_CV181H/gcc/gcc-linaro-6.3.1-2017.05-x86_64_arm-linux-gnueabihf/bin/../lib/gcc/arm-linux-gnueabihf/6.3.1/:/develop/toolchain_CV181H/gcc/gcc-linaro-6.3.1-2017.05-x86_64_arm-linux-gnueabihf/bin/../lib/gcc/arm-linux-gnueabihf/:/develop/toolchain_CV181H/gcc/gcc-linaro-6.3.1-2017.05-x86_64_arm-linux-gnueabihf/bin/../lib/gcc/:/develop/toolchain_CV181H/gcc/gcc-linaro-6.3.1-2017.05-x86_64_arm-linux-gnueabihf/bin/../lib/gcc/arm-linux-gnueabihf/6.3.1/../../../../arm-linux-gnueabihf/lib/:/develop/toolchain_CV181H/gcc/sysroot/sysroot-glibc-linaro-2.23-2017.05-arm-linux-gnueabihf/lib/:/develop/toolchain_CV181H/gcc/sysroot/sysroot-glibc-linaro-2.23-2017.05-arm-linux-gnueabihf/usr/lib/
COLLECT_GCC_OPTIONS='-v' '-o' 'cmTC_e148c' '-shared-libgcc' '-march=armv7-a' '-mtune=cortex-a9' '-mfloat-abi=hard' '-mfpu=vfpv3-d16' '-mthumb' '-mtls-dialect=gnu'
 /develop/toolchain_CV181H/gcc/gcc-linaro-6.3.1-2017.05-x86_64_arm-linux-gnueabihf/bin/../libexec/gcc/arm-linux-gnueabihf/6.3.1/collect2 -plugin /develop/toolchain_CV181H/gcc/gcc-linaro-6.3.1-2017.05-x86_64_arm-linux-gnueabihf/bin/../libexec/gcc/arm-linux-gnueabihf/6.3.1/liblto_plugin.so -plugin-opt=/develop/toolchain_CV181H/gcc/gcc-linaro-6.3.1-2017.05-x86_64_arm-linux-gnueabihf/bin/../libexec/gcc/arm-linux-gnueabihf/6.3.1/lto-wrapper -plugin-opt=-fresolution=/tmp/cc1MiPld.res -plugin-opt=-pass-through=-lgcc_s -plugin-opt=-pass-through=-lgcc -plugin-opt=-pass-through=-lc -plugin-opt=-pass-through=-lgcc_s -plugin-opt=-pass-through=-lgcc --sysroot=/develop/toolchain_CV181H/gcc/sysroot/sysroot-glibc-linaro-2.23-2017.05-arm-linux-gnueabihf/ --build-id --eh-frame-hdr -dynamic-linker /lib/ld-linux-armhf.so.3 -X -m armelf_linux_eabi -o cmTC_e148c /develop/toolchain_CV181H/gcc/sysroot/sysroot-glibc-linaro-2.23-2017.05-arm-linux-gnueabihf/usr/lib/crt1.o /develop/toolchain_CV181H/gcc/sysroot/sysroot-glibc-linaro-2.23-2017.05-arm-linux-gnueabihf/usr/lib/crti.o /develop/toolchain_CV181H/gcc/gcc-linaro-6.3.1-2017.05-x86_64_arm-linux-gnueabihf/bin/../lib/gcc/arm-linux-gnueabihf/6.3.1/crtbegin.o -L/develop/toolchain_CV181H/gcc/gcc-linaro-6.3.1-2017.05-x86_64_arm-linux-gnueabihf/bin/../lib/gcc/arm-linux-gnueabihf/6.3.1 -L/develop/toolchain_CV181H/gcc/gcc-linaro-6.3.1-2017.05-x86_64_arm-linux-gnueabihf/bin/../lib/gcc/arm-linux-gnueabihf -L/develop/toolchain_CV181H/gcc/gcc-linaro-6.3.1-2017.05-x86_64_arm-linux-gnueabihf/bin/../lib/gcc -L/develop/toolchain_CV181H/gcc/gcc-linaro-6.3.1-2017.05-x86_64_arm-linux-gnueabihf/bin/../lib/gcc/arm-linux-gnueabihf/6.3.1/../../../../arm-linux-gnueabihf/lib -L/develop/toolchain_CV181H/gcc/sysroot/sysroot-glibc-linaro-2.23-2017.05-arm-linux-gnueabihf/lib -L/develop/toolchain_CV181H/gcc/sysroot/sysroot-glibc-linaro-2.23-2017.05-arm-linux-gnueabihf/usr/lib CMakeFiles/cmTC_e148c.dir/CMakeCXXCompilerABI.cpp.o -lstdc++ -lm -lgcc_s -lgcc -lc -lgcc_s -lgcc /develop/toolchain_CV181H/gcc/gcc-linaro-6.3.1-2017.05-x86_64_arm-linux-gnueabihf/bin/../lib/gcc/arm-linux-gnueabihf/6.3.1/crtend.o /develop/toolchain_CV181H/gcc/sysroot/sysroot-glibc-linaro-2.23-2017.05-arm-linux-gnueabihf/usr/lib/crtn.o
COLLECT_GCC_OPTIONS='-v' '-o' 'cmTC_e148c' '-shared-libgcc' '-march=armv7-a' '-mtune=cortex-a9' '-mfloat-abi=hard' '-mfpu=vfpv3-d16' '-mthumb' '-mtls-dialect=gnu'
make[1]: Leaving directory '/mnt/a57a7843-7ae2-415a-9125-4c61fa4163d9/3rdLibrary/Awtk_3rd_library/build/CMakeFiles/CMakeTmp'



Parsed CXX implicit include dir info from above output: rv=done
  found start of include info
  found start of implicit include info
    add: [/develop/toolchain_CV181H/gcc/gcc-linaro-6.3.1-2017.05-x86_64_arm-linux-gnueabihf/bin/../lib/gcc/arm-linux-gnueabihf/6.3.1/../../../../arm-linux-gnueabihf/include/c++/6.3.1]
    add: [/develop/toolchain_CV181H/gcc/gcc-linaro-6.3.1-2017.05-x86_64_arm-linux-gnueabihf/bin/../lib/gcc/arm-linux-gnueabihf/6.3.1/../../../../arm-linux-gnueabihf/include/c++/6.3.1/arm-linux-gnueabihf/.]
    add: [/develop/toolchain_CV181H/gcc/gcc-linaro-6.3.1-2017.05-x86_64_arm-linux-gnueabihf/bin/../lib/gcc/arm-linux-gnueabihf/6.3.1/../../../../arm-linux-gnueabihf/include/c++/6.3.1/backward]
    add: [/develop/toolchain_CV181H/gcc/gcc-linaro-6.3.1-2017.05-x86_64_arm-linux-gnueabihf/bin/../lib/gcc/arm-linux-gnueabihf/6.3.1/include]
    add: [/develop/toolchain_CV181H/gcc/gcc-linaro-6.3.1-2017.05-x86_64_arm-linux-gnueabihf/bin/../lib/gcc/arm-linux-gnueabihf/6.3.1/include-fixed]
    add: [/develop/toolchain_CV181H/gcc/gcc-linaro-6.3.1-2017.05-x86_64_arm-linux-gnueabihf/bin/../lib/gcc/arm-linux-gnueabihf/6.3.1/../../../../arm-linux-gnueabihf/include]
    add: [/develop/toolchain_CV181H/gcc/sysroot/sysroot-glibc-linaro-2.23-2017.05-arm-linux-gnueabihf/usr/include]
  end of search list found
  collapse include dir [/develop/toolchain_CV181H/gcc/gcc-linaro-6.3.1-2017.05-x86_64_arm-linux-gnueabihf/bin/../lib/gcc/arm-linux-gnueabihf/6.3.1/../../../../arm-linux-gnueabihf/include/c++/6.3.1] ==> [/develop/toolchain_CV181H/gcc/gcc-linaro-6.3.1-2017.05-x86_64_arm-linux-gnueabihf/arm-linux-gnueabihf/include/c++/6.3.1]
  collapse include dir [/develop/toolchain_CV181H/gcc/gcc-linaro-6.3.1-2017.05-x86_64_arm-linux-gnueabihf/bin/../lib/gcc/arm-linux-gnueabihf/6.3.1/../../../../arm-linux-gnueabihf/include/c++/6.3.1/arm-linux-gnueabihf/.] ==> [/develop/toolchain_CV181H/gcc/gcc-linaro-6.3.1-2017.05-x86_64_arm-linux-gnueabihf/arm-linux-gnueabihf/include/c++/6.3.1/arm-linux-gnueabihf]
  collapse include dir [/develop/toolchain_CV181H/gcc/gcc-linaro-6.3.1-2017.05-x86_64_arm-linux-gnueabihf/bin/../lib/gcc/arm-linux-gnueabihf/6.3.1/../../../../arm-linux-gnueabihf/include/c++/6.3.1/backward] ==> [/develop/toolchain_CV181H/gcc/gcc-linaro-6.3.1-2017.05-x86_64_arm-linux-gnueabihf/arm-linux-gnueabihf/include/c++/6.3.1/backward]
  collapse include dir [/develop/toolchain_CV181H/gcc/gcc-linaro-6.3.1-2017.05-x86_64_arm-linux-gnueabihf/bin/../lib/gcc/arm-linux-gnueabihf/6.3.1/include] ==> [/develop/toolchain_CV181H/gcc/gcc-linaro-6.3.1-2017.05-x86_64_arm-linux-gnueabihf/lib/gcc/arm-linux-gnueabihf/6.3.1/include]
  collapse include dir [/develop/toolchain_CV181H/gcc/gcc-linaro-6.3.1-2017.05-x86_64_arm-linux-gnueabihf/bin/../lib/gcc/arm-linux-gnueabihf/6.3.1/include-fixed] ==> [/develop/toolchain_CV181H/gcc/gcc-linaro-6.3.1-2017.05-x86_64_arm-linux-gnueabihf/lib/gcc/arm-linux-gnueabihf/6.3.1/include-fixed]
  collapse include dir [/develop/toolchain_CV181H/gcc/gcc-linaro-6.3.1-2017.05-x86_64_arm-linux-gnueabihf/bin/../lib/gcc/arm-linux-gnueabihf/6.3.1/../../../../arm-linux-gnueabihf/include] ==> [/develop/toolchain_CV181H/gcc/gcc-linaro-6.3.1-2017.05-x86_64_arm-linux-gnueabihf/arm-linux-gnueabihf/include]
  collapse include dir [/develop/toolchain_CV181H/gcc/sysroot/sysroot-glibc-linaro-2.23-2017.05-arm-linux-gnueabihf/usr/include] ==> [/develop/toolchain_CV181H/gcc/sysroot/sysroot-glibc-linaro-2.23-2017.05-arm-linux-gnueabihf/usr/include]
  implicit include dirs: [/develop/toolchain_CV181H/gcc/gcc-linaro-6.3.1-2017.05-x86_64_arm-linux-gnueabihf/arm-linux-gnueabihf/include/c++/6.3.1;/develop/toolchain_CV181H/gcc/gcc-linaro-6.3.1-2017.05-x86_64_arm-linux-gnueabihf/arm-linux-gnueabihf/include/c++/6.3.1/arm-linux-gnueabihf;/develop/toolchain_CV181H/gcc/gcc-linaro-6.3.1-2017.05-x86_64_arm-linux-gnueabihf/arm-linux-gnueabihf/include/c++/6.3.1/backward;/develop/toolchain_CV181H/gcc/gcc-linaro-6.3.1-2017.05-x86_64_arm-linux-gnueabihf/lib/gcc/arm-linux-gnueabihf/6.3.1/include;/develop/toolchain_CV181H/gcc/gcc-linaro-6.3.1-2017.05-x86_64_arm-linux-gnueabihf/lib/gcc/arm-linux-gnueabihf/6.3.1/include-fixed;/develop/toolchain_CV181H/gcc/gcc-linaro-6.3.1-2017.05-x86_64_arm-linux-gnueabihf/arm-linux-gnueabihf/include;/develop/toolchain_CV181H/gcc/sysroot/sysroot-glibc-linaro-2.23-2017.05-arm-linux-gnueabihf/usr/include]


Parsed CXX implicit link information from above output:
  link line regex: [^( *|.*[/\])(arm-linux-gnueabihf-ld|CMAKE_LINK_STARTFILE-NOTFOUND|([^/\]+-)?ld|collect2)[^/\]*( |$)]
  ignore line: [Change Dir: /mnt/a57a7843-7ae2-415a-9125-4c61fa4163d9/3rdLibrary/Awtk_3rd_library/build/CMakeFiles/CMakeTmp]
  ignore line: []
  ignore line: [Run Build Command(s):/usr/bin/make cmTC_e148c/fast && /usr/bin/make -f CMakeFiles/cmTC_e148c.dir/build.make CMakeFiles/cmTC_e148c.dir/build]
  ignore line: [make[1]: Entering directory '/mnt/a57a7843-7ae2-415a-9125-4c61fa4163d9/3rdLibrary/Awtk_3rd_library/build/CMakeFiles/CMakeTmp']
  ignore line: [Building CXX object CMakeFiles/cmTC_e148c.dir/CMakeCXXCompilerABI.cpp.o]
  ignore line: [/develop/toolchain_CV181H/gcc/gcc-linaro-6.3.1-2017.05-x86_64_arm-linux-gnueabihf/bin/arm-linux-gnueabihf-g++ --sysroot=/develop/toolchain_CV181H/gcc/sysroot/sysroot-glibc-linaro-2.23-2017.05-arm-linux-gnueabihf/    -v -o CMakeFiles/cmTC_e148c.dir/CMakeCXXCompilerABI.cpp.o -c /usr/share/cmake-3.16/Modules/CMakeCXXCompilerABI.cpp]
  ignore line: [Using built-in specs.]
  ignore line: [COLLECT_GCC=/develop/toolchain_CV181H/gcc/gcc-linaro-6.3.1-2017.05-x86_64_arm-linux-gnueabihf/bin/arm-linux-gnueabihf-g++]
  ignore line: [Target: arm-linux-gnueabihf]
  ignore line: [Configured with: '/home/tcwg-buildslave/workspace/tcwg-make-release/builder_arch/amd64/label/tcwg-x86_64-build/target/arm-linux-gnueabihf/snapshots/gcc.git~linaro-6.3-2017.05/configure' SHELL=/bin/bash --with-mpc=/home/tcwg-buildslave/workspace/tcwg-make-release/builder_arch/amd64/label/tcwg-x86_64-build/target/arm-linux-gnueabihf/_build/builds/destdir/x86_64-unknown-linux-gnu --with-mpfr=/home/tcwg-buildslave/workspace/tcwg-make-release/builder_arch/amd64/label/tcwg-x86_64-build/target/arm-linux-gnueabihf/_build/builds/destdir/x86_64-unknown-linux-gnu --with-gmp=/home/tcwg-buildslave/workspace/tcwg-make-release/builder_arch/amd64/label/tcwg-x86_64-build/target/arm-linux-gnueabihf/_build/builds/destdir/x86_64-unknown-linux-gnu --with-gnu-as --with-gnu-ld --disable-libmudflap --enable-lto --enable-shared --without-included-gettext --enable-nls --disable-sjlj-exceptions --enable-gnu-unique-object --enable-linker-build-id --disable-libstdcxx-pch --enable-c99 --enable-clocale=gnu --enable-libstdcxx-debug --enable-long-long --with-cloog=no --with-ppl=no --with-isl=no --disable-multilib --with-float=hard --with-fpu=vfpv3-d16 --with-mode=thumb --with-tune=cortex-a9 --with-arch=armv7-a --enable-threads=posix --enable-multiarch --enable-libstdcxx-time=yes --enable-gnu-indirect-function --with-build-sysroot=/home/tcwg-buildslave/workspace/tcwg-make-release/builder_arch/amd64/label/tcwg-x86_64-build/target/arm-linux-gnueabihf/_build/sysroots/arm-linux-gnueabihf --with-sysroot=/home/tcwg-buildslave/workspace/tcwg-make-release/builder_arch/amd64/label/tcwg-x86_64-build/target/arm-linux-gnueabihf/_build/builds/destdir/x86_64-unknown-linux-gnu/arm-linux-gnueabihf/libc --enable-checking=release --disable-bootstrap --enable-languages=c,c++,fortran,lto --build=x86_64-unknown-linux-gnu --host=x86_64-unknown-linux-gnu --target=arm-linux-gnueabihf --prefix=/home/tcwg-buildslave/workspace/tcwg-make-release/builder_arch/amd64/label/tcwg-x86_64-build/target/arm-linux-gnueabihf/_build/builds/destdir/x86_64-unknown-linux-gnu]
  ignore line: [Thread model: posix]
  ignore line: [gcc version 6.3.1 20170404 (Linaro GCC 6.3-2017.05) ]
  ignore line: [COLLECT_GCC_OPTIONS='-v' '-o' 'CMakeFiles/cmTC_e148c.dir/CMakeCXXCompilerABI.cpp.o' '-c' '-shared-libgcc' '-march=armv7-a' '-mtune=cortex-a9' '-mfloat-abi=hard' '-mfpu=vfpv3-d16' '-mthumb' '-mtls-dialect=gnu']
  ignore line: [ /develop/toolchain_CV181H/gcc/gcc-linaro-6.3.1-2017.05-x86_64_arm-linux-gnueabihf/bin/../libexec/gcc/arm-linux-gnueabihf/6.3.1/cc1plus -quiet -v -imultilib . -imultiarch arm-linux-gnueabihf -iprefix /develop/toolchain_CV181H/gcc/gcc-linaro-6.3.1-2017.05-x86_64_arm-linux-gnueabihf/bin/../lib/gcc/arm-linux-gnueabihf/6.3.1/ -isysroot /develop/toolchain_CV181H/gcc/sysroot/sysroot-glibc-linaro-2.23-2017.05-arm-linux-gnueabihf/ -D_GNU_SOURCE /usr/share/cmake-3.16/Modules/CMakeCXXCompilerABI.cpp -quiet -dumpbase CMakeCXXCompilerABI.cpp -march=armv7-a -mtune=cortex-a9 -mfloat-abi=hard -mfpu=vfpv3-d16 -mthumb -mtls-dialect=gnu -auxbase-strip CMakeFiles/cmTC_e148c.dir/CMakeCXXCompilerABI.cpp.o -version -o /tmp/ccJh5LbM.s]
  ignore line: [GNU C++14 (Linaro GCC 6.3-2017.05) version 6.3.1 20170404 (arm-linux-gnueabihf)]
  ignore line: [	compiled by GNU C version 4.8.4  GMP version 6.1.0  MPFR version 3.1.4  MPC version 1.0.3  isl version none]
  ignore line: [GGC heuristics: --param ggc-min-expand=100 --param ggc-min-heapsize=131072]
  ignore line: [ignoring duplicate directory "/develop/toolchain_CV181H/gcc/gcc-linaro-6.3.1-2017.05-x86_64_arm-linux-gnueabihf/bin/../lib/gcc/../../lib/gcc/arm-linux-gnueabihf/6.3.1/../../../../arm-linux-gnueabihf/include/c++/6.3.1"]
  ignore line: [ignoring duplicate directory "/develop/toolchain_CV181H/gcc/gcc-linaro-6.3.1-2017.05-x86_64_arm-linux-gnueabihf/bin/../lib/gcc/../../lib/gcc/arm-linux-gnueabihf/6.3.1/../../../../arm-linux-gnueabihf/include/c++/6.3.1/arm-linux-gnueabihf/."]
  ignore line: [ignoring duplicate directory "/develop/toolchain_CV181H/gcc/gcc-linaro-6.3.1-2017.05-x86_64_arm-linux-gnueabihf/bin/../lib/gcc/../../lib/gcc/arm-linux-gnueabihf/6.3.1/../../../../arm-linux-gnueabihf/include/c++/6.3.1/backward"]
  ignore line: [ignoring duplicate directory "/develop/toolchain_CV181H/gcc/gcc-linaro-6.3.1-2017.05-x86_64_arm-linux-gnueabihf/bin/../lib/gcc/../../lib/gcc/arm-linux-gnueabihf/6.3.1/include"]
  ignore line: [ignoring nonexistent directory "/develop/toolchain_CV181H/gcc/sysroot/sysroot-glibc-linaro-2.23-2017.05-arm-linux-gnueabihf/usr/local/include/arm-linux-gnueabihf"]
  ignore line: [ignoring nonexistent directory "/develop/toolchain_CV181H/gcc/sysroot/sysroot-glibc-linaro-2.23-2017.05-arm-linux-gnueabihf/usr/local/include"]
  ignore line: [ignoring duplicate directory "/develop/toolchain_CV181H/gcc/gcc-linaro-6.3.1-2017.05-x86_64_arm-linux-gnueabihf/bin/../lib/gcc/../../lib/gcc/arm-linux-gnueabihf/6.3.1/include-fixed"]
  ignore line: [ignoring duplicate directory "/develop/toolchain_CV181H/gcc/gcc-linaro-6.3.1-2017.05-x86_64_arm-linux-gnueabihf/bin/../lib/gcc/../../lib/gcc/arm-linux-gnueabihf/6.3.1/../../../../arm-linux-gnueabihf/include"]
  ignore line: [ignoring nonexistent directory "/develop/toolchain_CV181H/gcc/sysroot/sysroot-glibc-linaro-2.23-2017.05-arm-linux-gnueabihf/usr/include/arm-linux-gnueabihf"]
  ignore line: [#include "..." search starts here:]
  ignore line: [#include <...> search starts here:]
  ignore line: [ /develop/toolchain_CV181H/gcc/gcc-linaro-6.3.1-2017.05-x86_64_arm-linux-gnueabihf/bin/../lib/gcc/arm-linux-gnueabihf/6.3.1/../../../../arm-linux-gnueabihf/include/c++/6.3.1]
  ignore line: [ /develop/toolchain_CV181H/gcc/gcc-linaro-6.3.1-2017.05-x86_64_arm-linux-gnueabihf/bin/../lib/gcc/arm-linux-gnueabihf/6.3.1/../../../../arm-linux-gnueabihf/include/c++/6.3.1/arm-linux-gnueabihf/.]
  ignore line: [ /develop/toolchain_CV181H/gcc/gcc-linaro-6.3.1-2017.05-x86_64_arm-linux-gnueabihf/bin/../lib/gcc/arm-linux-gnueabihf/6.3.1/../../../../arm-linux-gnueabihf/include/c++/6.3.1/backward]
  ignore line: [ /develop/toolchain_CV181H/gcc/gcc-linaro-6.3.1-2017.05-x86_64_arm-linux-gnueabihf/bin/../lib/gcc/arm-linux-gnueabihf/6.3.1/include]
  ignore line: [ /develop/toolchain_CV181H/gcc/gcc-linaro-6.3.1-2017.05-x86_64_arm-linux-gnueabihf/bin/../lib/gcc/arm-linux-gnueabihf/6.3.1/include-fixed]
  ignore line: [ /develop/toolchain_CV181H/gcc/gcc-linaro-6.3.1-2017.05-x86_64_arm-linux-gnueabihf/bin/../lib/gcc/arm-linux-gnueabihf/6.3.1/../../../../arm-linux-gnueabihf/include]
  ignore line: [ /develop/toolchain_CV181H/gcc/sysroot/sysroot-glibc-linaro-2.23-2017.05-arm-linux-gnueabihf/usr/include]
  ignore line: [End of search list.]
  ignore line: [GNU C++14 (Linaro GCC 6.3-2017.05) version 6.3.1 20170404 (arm-linux-gnueabihf)]
  ignore line: [	compiled by GNU C version 4.8.4  GMP version 6.1.0  MPFR version 3.1.4  MPC version 1.0.3  isl version none]
  ignore line: [GGC heuristics: --param ggc-min-expand=100 --param ggc-min-heapsize=131072]
  ignore line: [Compiler executable checksum: e0cbb9a4025b7f5b3e35190fea1db76f]
  ignore line: [COLLECT_GCC_OPTIONS='-v' '-o' 'CMakeFiles/cmTC_e148c.dir/CMakeCXXCompilerABI.cpp.o' '-c' '-shared-libgcc' '-march=armv7-a' '-mtune=cortex-a9' '-mfloat-abi=hard' '-mfpu=vfpv3-d16' '-mthumb' '-mtls-dialect=gnu']
  ignore line: [ /develop/toolchain_CV181H/gcc/gcc-linaro-6.3.1-2017.05-x86_64_arm-linux-gnueabihf/bin/../lib/gcc/arm-linux-gnueabihf/6.3.1/../../../../arm-linux-gnueabihf/bin/as -v -march=armv7-a -mfloat-abi=hard -mfpu=vfpv3-d16 -meabi=5 -o CMakeFiles/cmTC_e148c.dir/CMakeCXXCompilerABI.cpp.o /tmp/ccJh5LbM.s]
  ignore line: [GNU assembler version 2.27.0 (arm-linux-gnueabihf) using BFD version (Linaro_Binutils-2017.05) 2.27.0.20161019]
  ignore line: [COMPILER_PATH=/develop/toolchain_CV181H/gcc/gcc-linaro-6.3.1-2017.05-x86_64_arm-linux-gnueabihf/bin/../libexec/gcc/arm-linux-gnueabihf/6.3.1/:/develop/toolchain_CV181H/gcc/gcc-linaro-6.3.1-2017.05-x86_64_arm-linux-gnueabihf/bin/../libexec/gcc/arm-linux-gnueabihf/:/develop/toolchain_CV181H/gcc/gcc-linaro-6.3.1-2017.05-x86_64_arm-linux-gnueabihf/bin/../libexec/gcc/:/develop/toolchain_CV181H/gcc/gcc-linaro-6.3.1-2017.05-x86_64_arm-linux-gnueabihf/bin/../lib/gcc/arm-linux-gnueabihf/6.3.1/../../../../arm-linux-gnueabihf/bin/]
  ignore line: [LIBRARY_PATH=/develop/toolchain_CV181H/gcc/gcc-linaro-6.3.1-2017.05-x86_64_arm-linux-gnueabihf/bin/../lib/gcc/arm-linux-gnueabihf/6.3.1/:/develop/toolchain_CV181H/gcc/gcc-linaro-6.3.1-2017.05-x86_64_arm-linux-gnueabihf/bin/../lib/gcc/arm-linux-gnueabihf/:/develop/toolchain_CV181H/gcc/gcc-linaro-6.3.1-2017.05-x86_64_arm-linux-gnueabihf/bin/../lib/gcc/:/develop/toolchain_CV181H/gcc/gcc-linaro-6.3.1-2017.05-x86_64_arm-linux-gnueabihf/bin/../lib/gcc/arm-linux-gnueabihf/6.3.1/../../../../arm-linux-gnueabihf/lib/:/develop/toolchain_CV181H/gcc/sysroot/sysroot-glibc-linaro-2.23-2017.05-arm-linux-gnueabihf/lib/:/develop/toolchain_CV181H/gcc/sysroot/sysroot-glibc-linaro-2.23-2017.05-arm-linux-gnueabihf/usr/lib/]
  ignore line: [COLLECT_GCC_OPTIONS='-v' '-o' 'CMakeFiles/cmTC_e148c.dir/CMakeCXXCompilerABI.cpp.o' '-c' '-shared-libgcc' '-march=armv7-a' '-mtune=cortex-a9' '-mfloat-abi=hard' '-mfpu=vfpv3-d16' '-mthumb' '-mtls-dialect=gnu']
  ignore line: [Linking CXX executable cmTC_e148c]
  ignore line: [/usr/bin/cmake -E cmake_link_script CMakeFiles/cmTC_e148c.dir/link.txt --verbose=1]
  ignore line: [/develop/toolchain_CV181H/gcc/gcc-linaro-6.3.1-2017.05-x86_64_arm-linux-gnueabihf/bin/arm-linux-gnueabihf-g++ --sysroot=/develop/toolchain_CV181H/gcc/sysroot/sysroot-glibc-linaro-2.23-2017.05-arm-linux-gnueabihf/      -v CMakeFiles/cmTC_e148c.dir/CMakeCXXCompilerABI.cpp.o  -o cmTC_e148c ]
  ignore line: [Using built-in specs.]
  ignore line: [COLLECT_GCC=/develop/toolchain_CV181H/gcc/gcc-linaro-6.3.1-2017.05-x86_64_arm-linux-gnueabihf/bin/arm-linux-gnueabihf-g++]
  ignore line: [COLLECT_LTO_WRAPPER=/develop/toolchain_CV181H/gcc/gcc-linaro-6.3.1-2017.05-x86_64_arm-linux-gnueabihf/bin/../libexec/gcc/arm-linux-gnueabihf/6.3.1/lto-wrapper]
  ignore line: [Target: arm-linux-gnueabihf]
  ignore line: [Configured with: '/home/tcwg-buildslave/workspace/tcwg-make-release/builder_arch/amd64/label/tcwg-x86_64-build/target/arm-linux-gnueabihf/snapshots/gcc.git~linaro-6.3-2017.05/configure' SHELL=/bin/bash --with-mpc=/home/tcwg-buildslave/workspace/tcwg-make-release/builder_arch/amd64/label/tcwg-x86_64-build/target/arm-linux-gnueabihf/_build/builds/destdir/x86_64-unknown-linux-gnu --with-mpfr=/home/tcwg-buildslave/workspace/tcwg-make-release/builder_arch/amd64/label/tcwg-x86_64-build/target/arm-linux-gnueabihf/_build/builds/destdir/x86_64-unknown-linux-gnu --with-gmp=/home/tcwg-buildslave/workspace/tcwg-make-release/builder_arch/amd64/label/tcwg-x86_64-build/target/arm-linux-gnueabihf/_build/builds/destdir/x86_64-unknown-linux-gnu --with-gnu-as --with-gnu-ld --disable-libmudflap --enable-lto --enable-shared --without-included-gettext --enable-nls --disable-sjlj-exceptions --enable-gnu-unique-object --enable-linker-build-id --disable-libstdcxx-pch --enable-c99 --enable-clocale=gnu --enable-libstdcxx-debug --enable-long-long --with-cloog=no --with-ppl=no --with-isl=no --disable-multilib --with-float=hard --with-fpu=vfpv3-d16 --with-mode=thumb --with-tune=cortex-a9 --with-arch=armv7-a --enable-threads=posix --enable-multiarch --enable-libstdcxx-time=yes --enable-gnu-indirect-function --with-build-sysroot=/home/tcwg-buildslave/workspace/tcwg-make-release/builder_arch/amd64/label/tcwg-x86_64-build/target/arm-linux-gnueabihf/_build/sysroots/arm-linux-gnueabihf --with-sysroot=/home/tcwg-buildslave/workspace/tcwg-make-release/builder_arch/amd64/label/tcwg-x86_64-build/target/arm-linux-gnueabihf/_build/builds/destdir/x86_64-unknown-linux-gnu/arm-linux-gnueabihf/libc --enable-checking=release --disable-bootstrap --enable-languages=c,c++,fortran,lto --build=x86_64-unknown-linux-gnu --host=x86_64-unknown-linux-gnu --target=arm-linux-gnueabihf --prefix=/home/tcwg-buildslave/workspace/tcwg-make-release/builder_arch/amd64/label/tcwg-x86_64-build/target/arm-linux-gnueabihf/_build/builds/destdir/x86_64-unknown-linux-gnu]
  ignore line: [Thread model: posix]
  ignore line: [gcc version 6.3.1 20170404 (Linaro GCC 6.3-2017.05) ]
  ignore line: [COMPILER_PATH=/develop/toolchain_CV181H/gcc/gcc-linaro-6.3.1-2017.05-x86_64_arm-linux-gnueabihf/bin/../libexec/gcc/arm-linux-gnueabihf/6.3.1/:/develop/toolchain_CV181H/gcc/gcc-linaro-6.3.1-2017.05-x86_64_arm-linux-gnueabihf/bin/../libexec/gcc/arm-linux-gnueabihf/:/develop/toolchain_CV181H/gcc/gcc-linaro-6.3.1-2017.05-x86_64_arm-linux-gnueabihf/bin/../libexec/gcc/:/develop/toolchain_CV181H/gcc/gcc-linaro-6.3.1-2017.05-x86_64_arm-linux-gnueabihf/bin/../lib/gcc/arm-linux-gnueabihf/6.3.1/../../../../arm-linux-gnueabihf/bin/]
  ignore line: [LIBRARY_PATH=/develop/toolchain_CV181H/gcc/gcc-linaro-6.3.1-2017.05-x86_64_arm-linux-gnueabihf/bin/../lib/gcc/arm-linux-gnueabihf/6.3.1/:/develop/toolchain_CV181H/gcc/gcc-linaro-6.3.1-2017.05-x86_64_arm-linux-gnueabihf/bin/../lib/gcc/arm-linux-gnueabihf/:/develop/toolchain_CV181H/gcc/gcc-linaro-6.3.1-2017.05-x86_64_arm-linux-gnueabihf/bin/../lib/gcc/:/develop/toolchain_CV181H/gcc/gcc-linaro-6.3.1-2017.05-x86_64_arm-linux-gnueabihf/bin/../lib/gcc/arm-linux-gnueabihf/6.3.1/../../../../arm-linux-gnueabihf/lib/:/develop/toolchain_CV181H/gcc/sysroot/sysroot-glibc-linaro-2.23-2017.05-arm-linux-gnueabihf/lib/:/develop/toolchain_CV181H/gcc/sysroot/sysroot-glibc-linaro-2.23-2017.05-arm-linux-gnueabihf/usr/lib/]
  ignore line: [COLLECT_GCC_OPTIONS='-v' '-o' 'cmTC_e148c' '-shared-libgcc' '-march=armv7-a' '-mtune=cortex-a9' '-mfloat-abi=hard' '-mfpu=vfpv3-d16' '-mthumb' '-mtls-dialect=gnu']
  link line: [ /develop/toolchain_CV181H/gcc/gcc-linaro-6.3.1-2017.05-x86_64_arm-linux-gnueabihf/bin/../libexec/gcc/arm-linux-gnueabihf/6.3.1/collect2 -plugin /develop/toolchain_CV181H/gcc/gcc-linaro-6.3.1-2017.05-x86_64_arm-linux-gnueabihf/bin/../libexec/gcc/arm-linux-gnueabihf/6.3.1/liblto_plugin.so -plugin-opt=/develop/toolchain_CV181H/gcc/gcc-linaro-6.3.1-2017.05-x86_64_arm-linux-gnueabihf/bin/../libexec/gcc/arm-linux-gnueabihf/6.3.1/lto-wrapper -plugin-opt=-fresolution=/tmp/cc1MiPld.res -plugin-opt=-pass-through=-lgcc_s -plugin-opt=-pass-through=-lgcc -plugin-opt=-pass-through=-lc -plugin-opt=-pass-through=-lgcc_s -plugin-opt=-pass-through=-lgcc --sysroot=/develop/toolchain_CV181H/gcc/sysroot/sysroot-glibc-linaro-2.23-2017.05-arm-linux-gnueabihf/ --build-id --eh-frame-hdr -dynamic-linker /lib/ld-linux-armhf.so.3 -X -m armelf_linux_eabi -o cmTC_e148c /develop/toolchain_CV181H/gcc/sysroot/sysroot-glibc-linaro-2.23-2017.05-arm-linux-gnueabihf/usr/lib/crt1.o /develop/toolchain_CV181H/gcc/sysroot/sysroot-glibc-linaro-2.23-2017.05-arm-linux-gnueabihf/usr/lib/crti.o /develop/toolchain_CV181H/gcc/gcc-linaro-6.3.1-2017.05-x86_64_arm-linux-gnueabihf/bin/../lib/gcc/arm-linux-gnueabihf/6.3.1/crtbegin.o -L/develop/toolchain_CV181H/gcc/gcc-linaro-6.3.1-2017.05-x86_64_arm-linux-gnueabihf/bin/../lib/gcc/arm-linux-gnueabihf/6.3.1 -L/develop/toolchain_CV181H/gcc/gcc-linaro-6.3.1-2017.05-x86_64_arm-linux-gnueabihf/bin/../lib/gcc/arm-linux-gnueabihf -L/develop/toolchain_CV181H/gcc/gcc-linaro-6.3.1-2017.05-x86_64_arm-linux-gnueabihf/bin/../lib/gcc -L/develop/toolchain_CV181H/gcc/gcc-linaro-6.3.1-2017.05-x86_64_arm-linux-gnueabihf/bin/../lib/gcc/arm-linux-gnueabihf/6.3.1/../../../../arm-linux-gnueabihf/lib -L/develop/toolchain_CV181H/gcc/sysroot/sysroot-glibc-linaro-2.23-2017.05-arm-linux-gnueabihf/lib -L/develop/toolchain_CV181H/gcc/sysroot/sysroot-glibc-linaro-2.23-2017.05-arm-linux-gnueabihf/usr/lib CMakeFiles/cmTC_e148c.dir/CMakeCXXCompilerABI.cpp.o -lstdc++ -lm -lgcc_s -lgcc -lc -lgcc_s -lgcc /develop/toolchain_CV181H/gcc/gcc-linaro-6.3.1-2017.05-x86_64_arm-linux-gnueabihf/bin/../lib/gcc/arm-linux-gnueabihf/6.3.1/crtend.o /develop/toolchain_CV181H/gcc/sysroot/sysroot-glibc-linaro-2.23-2017.05-arm-linux-gnueabihf/usr/lib/crtn.o]
    arg [/develop/toolchain_CV181H/gcc/gcc-linaro-6.3.1-2017.05-x86_64_arm-linux-gnueabihf/bin/../libexec/gcc/arm-linux-gnueabihf/6.3.1/collect2] ==> ignore
    arg [-plugin] ==> ignore
    arg [/develop/toolchain_CV181H/gcc/gcc-linaro-6.3.1-2017.05-x86_64_arm-linux-gnueabihf/bin/../libexec/gcc/arm-linux-gnueabihf/6.3.1/liblto_plugin.so] ==> ignore
    arg [-plugin-opt=/develop/toolchain_CV181H/gcc/gcc-linaro-6.3.1-2017.05-x86_64_arm-linux-gnueabihf/bin/../libexec/gcc/arm-linux-gnueabihf/6.3.1/lto-wrapper] ==> ignore
    arg [-plugin-opt=-fresolution=/tmp/cc1MiPld.res] ==> ignore
    arg [-plugin-opt=-pass-through=-lgcc_s] ==> ignore
    arg [-plugin-opt=-pass-through=-lgcc] ==> ignore
    arg [-plugin-opt=-pass-through=-lc] ==> ignore
    arg [-plugin-opt=-pass-through=-lgcc_s] ==> ignore
    arg [-plugin-opt=-pass-through=-lgcc] ==> ignore
    arg [--sysroot=/develop/toolchain_CV181H/gcc/sysroot/sysroot-glibc-linaro-2.23-2017.05-arm-linux-gnueabihf/] ==> ignore
    arg [--build-id] ==> ignore
    arg [--eh-frame-hdr] ==> ignore
    arg [-dynamic-linker] ==> ignore
    arg [/lib/ld-linux-armhf.so.3] ==> ignore
    arg [-X] ==> ignore
    arg [-m] ==> ignore
    arg [armelf_linux_eabi] ==> ignore
    arg [-o] ==> ignore
    arg [cmTC_e148c] ==> ignore
    arg [/develop/toolchain_CV181H/gcc/sysroot/sysroot-glibc-linaro-2.23-2017.05-arm-linux-gnueabihf/usr/lib/crt1.o] ==> ignore
    arg [/develop/toolchain_CV181H/gcc/sysroot/sysroot-glibc-linaro-2.23-2017.05-arm-linux-gnueabihf/usr/lib/crti.o] ==> ignore
    arg [/develop/toolchain_CV181H/gcc/gcc-linaro-6.3.1-2017.05-x86_64_arm-linux-gnueabihf/bin/../lib/gcc/arm-linux-gnueabihf/6.3.1/crtbegin.o] ==> ignore
    arg [-L/develop/toolchain_CV181H/gcc/gcc-linaro-6.3.1-2017.05-x86_64_arm-linux-gnueabihf/bin/../lib/gcc/arm-linux-gnueabihf/6.3.1] ==> dir [/develop/toolchain_CV181H/gcc/gcc-linaro-6.3.1-2017.05-x86_64_arm-linux-gnueabihf/bin/../lib/gcc/arm-linux-gnueabihf/6.3.1]
    arg [-L/develop/toolchain_CV181H/gcc/gcc-linaro-6.3.1-2017.05-x86_64_arm-linux-gnueabihf/bin/../lib/gcc/arm-linux-gnueabihf] ==> dir [/develop/toolchain_CV181H/gcc/gcc-linaro-6.3.1-2017.05-x86_64_arm-linux-gnueabihf/bin/../lib/gcc/arm-linux-gnueabihf]
    arg [-L/develop/toolchain_CV181H/gcc/gcc-linaro-6.3.1-2017.05-x86_64_arm-linux-gnueabihf/bin/../lib/gcc] ==> dir [/develop/toolchain_CV181H/gcc/gcc-linaro-6.3.1-2017.05-x86_64_arm-linux-gnueabihf/bin/../lib/gcc]
    arg [-L/develop/toolchain_CV181H/gcc/gcc-linaro-6.3.1-2017.05-x86_64_arm-linux-gnueabihf/bin/../lib/gcc/arm-linux-gnueabihf/6.3.1/../../../../arm-linux-gnueabihf/lib] ==> dir [/develop/toolchain_CV181H/gcc/gcc-linaro-6.3.1-2017.05-x86_64_arm-linux-gnueabihf/bin/../lib/gcc/arm-linux-gnueabihf/6.3.1/../../../../arm-linux-gnueabihf/lib]
    arg [-L/develop/toolchain_CV181H/gcc/sysroot/sysroot-glibc-linaro-2.23-2017.05-arm-linux-gnueabihf/lib] ==> dir [/develop/toolchain_CV181H/gcc/sysroot/sysroot-glibc-linaro-2.23-2017.05-arm-linux-gnueabihf/lib]
    arg [-L/develop/toolchain_CV181H/gcc/sysroot/sysroot-glibc-linaro-2.23-2017.05-arm-linux-gnueabihf/usr/lib] ==> dir [/develop/toolchain_CV181H/gcc/sysroot/sysroot-glibc-linaro-2.23-2017.05-arm-linux-gnueabihf/usr/lib]
    arg [CMakeFiles/cmTC_e148c.dir/CMakeCXXCompilerABI.cpp.o] ==> ignore
    arg [-lstdc++] ==> lib [stdc++]
    arg [-lm] ==> lib [m]
    arg [-lgcc_s] ==> lib [gcc_s]
    arg [-lgcc] ==> lib [gcc]
    arg [-lc] ==> lib [c]
    arg [-lgcc_s] ==> lib [gcc_s]
    arg [-lgcc] ==> lib [gcc]
    arg [/develop/toolchain_CV181H/gcc/gcc-linaro-6.3.1-2017.05-x86_64_arm-linux-gnueabihf/bin/../lib/gcc/arm-linux-gnueabihf/6.3.1/crtend.o] ==> ignore
    arg [/develop/toolchain_CV181H/gcc/sysroot/sysroot-glibc-linaro-2.23-2017.05-arm-linux-gnueabihf/usr/lib/crtn.o] ==> ignore
  collapse library dir [/develop/toolchain_CV181H/gcc/gcc-linaro-6.3.1-2017.05-x86_64_arm-linux-gnueabihf/bin/../lib/gcc/arm-linux-gnueabihf/6.3.1] ==> [/develop/toolchain_CV181H/gcc/gcc-linaro-6.3.1-2017.05-x86_64_arm-linux-gnueabihf/lib/gcc/arm-linux-gnueabihf/6.3.1]
  collapse library dir [/develop/toolchain_CV181H/gcc/gcc-linaro-6.3.1-2017.05-x86_64_arm-linux-gnueabihf/bin/../lib/gcc/arm-linux-gnueabihf] ==> [/develop/toolchain_CV181H/gcc/gcc-linaro-6.3.1-2017.05-x86_64_arm-linux-gnueabihf/lib/gcc/arm-linux-gnueabihf]
  collapse library dir [/develop/toolchain_CV181H/gcc/gcc-linaro-6.3.1-2017.05-x86_64_arm-linux-gnueabihf/bin/../lib/gcc] ==> [/develop/toolchain_CV181H/gcc/gcc-linaro-6.3.1-2017.05-x86_64_arm-linux-gnueabihf/lib/gcc]
  collapse library dir [/develop/toolchain_CV181H/gcc/gcc-linaro-6.3.1-2017.05-x86_64_arm-linux-gnueabihf/bin/../lib/gcc/arm-linux-gnueabihf/6.3.1/../../../../arm-linux-gnueabihf/lib] ==> [/develop/toolchain_CV181H/gcc/gcc-linaro-6.3.1-2017.05-x86_64_arm-linux-gnueabihf/arm-linux-gnueabihf/lib]
  collapse library dir [/develop/toolchain_CV181H/gcc/sysroot/sysroot-glibc-linaro-2.23-2017.05-arm-linux-gnueabihf/lib] ==> [/develop/toolchain_CV181H/gcc/sysroot/sysroot-glibc-linaro-2.23-2017.05-arm-linux-gnueabihf/lib]
  collapse library dir [/develop/toolchain_CV181H/gcc/sysroot/sysroot-glibc-linaro-2.23-2017.05-arm-linux-gnueabihf/usr/lib] ==> [/develop/toolchain_CV181H/gcc/sysroot/sysroot-glibc-linaro-2.23-2017.05-arm-linux-gnueabihf/usr/lib]
  implicit libs: [stdc++;m;gcc_s;gcc;c;gcc_s;gcc]
  implicit dirs: [/develop/toolchain_CV181H/gcc/gcc-linaro-6.3.1-2017.05-x86_64_arm-linux-gnueabihf/lib/gcc/arm-linux-gnueabihf/6.3.1;/develop/toolchain_CV181H/gcc/gcc-linaro-6.3.1-2017.05-x86_64_arm-linux-gnueabihf/lib/gcc/arm-linux-gnueabihf;/develop/toolchain_CV181H/gcc/gcc-linaro-6.3.1-2017.05-x86_64_arm-linux-gnueabihf/lib/gcc;/develop/toolchain_CV181H/gcc/gcc-linaro-6.3.1-2017.05-x86_64_arm-linux-gnueabihf/arm-linux-gnueabihf/lib;/develop/toolchain_CV181H/gcc/sysroot/sysroot-glibc-linaro-2.23-2017.05-arm-linux-gnueabihf/lib;/develop/toolchain_CV181H/gcc/sysroot/sysroot-glibc-linaro-2.23-2017.05-arm-linux-gnueabihf/usr/lib]
  implicit fwks: []


